Log file open, 11/29/25 23:35:32
LogWindows: Failed to load 'aqProf.dll' (GetLastError=126)
LogWindows: File 'aqProf.dll' does not exist
LogWindows: Failed to load 'VtuneApi.dll' (GetLastError=126)
LogWindows: File 'VtuneApi.dll' does not exist
LogWindows: Failed to load 'VtuneApi32e.dll' (GetLastError=126)
LogWindows: File 'VtuneApi32e.dll' does not exist
LogConsoleResponse: Display: Failed to find resolution value strings in scalability ini. Falling back to default.
LogConsoleResponse: Display: Failed to find resolution value strings in scalability ini. Falling back to default.
LogInit: Display: Running engine for game: Mini_laboratory
LogPlatformFile: Not using cached read wrapper
LogTaskGraph: Started task graph with 5 named threads and 23 total threads with 3 sets of task threads.
LogStats: Stats thread started at 0.542999
LogICUInternationalization: ICU TimeZone Detection - Raw Offset: +3:00, Platform Override: ''
LogInit: Display: Loading text-based GConfig....
LogPluginManager: Mounting plugin MeshPainting
LogPluginManager: Mounting plugin XGEController
LogPluginManager: Mounting plugin LightPropagationVolume
LogPluginManager: Mounting plugin Paper2D
LogPluginManager: Mounting plugin LiveLink
LogPluginManager: Mounting plugin AISupport
LogPluginManager: Mounting plugin CameraShakePreviewer
LogPluginManager: Mounting plugin EnvironmentQueryEditor
LogPluginManager: Mounting plugin OodleData
LogPluginManager: Mounting plugin AnimationSharing
LogPluginManager: Mounting plugin GameplayCameras
LogPluginManager: Mounting plugin CLionSourceCodeAccess
LogPluginManager: Mounting plugin GitSourceControl
LogPluginManager: Mounting plugin OodleNetwork
LogPluginManager: Mounting plugin CodeLiteSourceCodeAccess
LogPluginManager: Mounting plugin NullSourceCodeAccess
LogPluginManager: Mounting plugin PerforceSourceControl
LogPluginManager: Mounting plugin KDevelopSourceCodeAccess
LogPluginManager: Mounting plugin PluginUtils
LogPluginManager: Mounting plugin PixWinPlugin
LogPluginManager: Mounting plugin PropertyAccessNode
LogPluginManager: Mounting plugin PlasticSourceControl
LogPluginManager: Mounting plugin RiderSourceCodeAccess
LogPluginManager: Mounting plugin TextureFormatOodle
LogPluginManager: Mounting plugin SubversionSourceControl
LogPluginManager: Mounting plugin UObjectPlugin
LogPluginManager: Mounting plugin VisualStudioCodeSourceCodeAccess
LogPluginManager: Mounting plugin Niagara
LogPluginManager: Mounting plugin VisualStudioSourceCodeAccess
LogPluginManager: Mounting plugin XCodeSourceCodeAccess
LogPluginManager: Mounting plugin AssetManagerEditor
LogPluginManager: Mounting plugin CryptoKeys
LogPluginManager: Mounting plugin GeometryMode
LogPluginManager: Mounting plugin CurveEditorTools
LogPluginManager: Mounting plugin DataValidation
LogPluginManager: Mounting plugin FacialAnimation
LogPluginManager: Mounting plugin GameplayTagsEditor
LogPluginManager: Mounting plugin MacGraphicsSwitching
LogPluginManager: Mounting plugin MaterialAnalyzer
LogPluginManager: Mounting plugin SpeedTreeImporter
LogPluginManager: Mounting plugin MobileLauncherProfileWizard
LogPluginManager: Mounting plugin PluginBrowser
LogPluginManager: Mounting plugin DatasmithContent
LogPluginManager: Mounting plugin VariantManagerContent
LogPluginManager: Mounting plugin LuminPlatformFeatures
LogPluginManager: Mounting plugin MagicLeap
LogPluginManager: Mounting plugin MagicLeapMedia
LogPluginManager: Mounting plugin MagicLeapLightEstimation
LogPluginManager: Mounting plugin MagicLeapPassableWorld
LogPluginManager: Mounting plugin MLSDK
LogPluginManager: Mounting plugin AndroidMedia
LogPluginManager: Mounting plugin AvfMedia
LogPluginManager: Mounting plugin MediaCompositing
LogPluginManager: Mounting plugin ImgMedia
LogPluginManager: Mounting plugin MediaPlayerEditor
LogPluginManager: Mounting plugin WebMMedia
LogPluginManager: Mounting plugin WmfMedia
LogPluginManager: Mounting plugin TcpMessaging
LogPluginManager: Mounting plugin UdpMessaging
LogPluginManager: Mounting plugin AlembicImporter
LogPluginManager: Mounting plugin AutomationUtils
LogPluginManager: Mounting plugin ChaosCloth
LogPluginManager: Mounting plugin ChaosClothEditor
LogPluginManager: Mounting plugin BackChannel
LogPluginManager: Mounting plugin ChaosSolverPlugin
LogPluginManager: Mounting plugin ChaosEditor
LogPluginManager: Mounting plugin CharacterAI
LogPluginManager: Mounting plugin ChaosNiagara
LogPluginManager: Mounting plugin LauncherChunkInstaller
LogPluginManager: Mounting plugin GeometryCache
LogPluginManager: Mounting plugin ActorSequence
LogPluginManager: Mounting plugin GeometryCollectionPlugin
LogPluginManager: Mounting plugin LevelSequenceEditor
LogPluginManager: Mounting plugin MatineeToLevelSequence
LogPluginManager: Mounting plugin TemplateSequence
LogPluginManager: Mounting plugin OnlineSubsystem
LogPluginManager: Mounting plugin OnlineSubsystemNull
LogPluginManager: Mounting plugin OnlineSubsystemUtils
LogPluginManager: Mounting plugin GeometryProcessing
LogPluginManager: Mounting plugin OpenImageDenoise
LogPluginManager: Mounting plugin MotoSynth
LogPluginManager: Mounting plugin PythonScriptPlugin
LogPluginManager: Mounting plugin PlanarCut
LogPluginManager: Mounting plugin ProxyLODPlugin
LogPluginManager: Mounting plugin PlatformCrypto
LogPluginManager: Mounting plugin SkeletalReduction
LogPluginManager: Mounting plugin Takes
LogPluginManager: Mounting plugin ActorLayerUtilities
LogPluginManager: Mounting plugin AndroidMoviePlayer
LogPluginManager: Mounting plugin AndroidDeviceProfileSelector
LogPluginManager: Mounting plugin AndroidPermission
LogPluginManager: Mounting plugin AppleImageUtils
LogPluginManager: Mounting plugin AppleMoviePlayer
LogPluginManager: Mounting plugin AudioSynesthesia
LogPluginManager: Mounting plugin ArchVisCharacter
LogPluginManager: Mounting plugin AssetTags
LogPluginManager: Mounting plugin AudioCapture
LogPluginManager: Mounting plugin CableComponent
LogPluginManager: Mounting plugin ChunkDownloader
LogPluginManager: Mounting plugin CustomMeshComponent
LogPluginManager: Mounting plugin ExampleDeviceProfileSelector
LogPluginManager: Mounting plugin EditableMesh
LogPluginManager: Mounting plugin GoogleCloudMessaging
LogPluginManager: Mounting plugin GooglePAD
LogPluginManager: Mounting plugin IOSDeviceProfileSelector
LogPluginManager: Mounting plugin LinuxDeviceProfileSelector
LogPluginManager: Mounting plugin LocationServicesBPLibrary
LogPluginManager: Mounting plugin MobilePatchingUtils
LogPluginManager: Mounting plugin OpenXR
LogPluginManager: Mounting plugin OpenXRHandTracking
LogPluginManager: Mounting plugin OpenXREyeTracker
LogPluginManager: Mounting plugin PostSplashScreen
LogPluginManager: Mounting plugin PhysXVehicles
LogPluginManager: Mounting plugin PropertyAccessEditor
LogPluginManager: Mounting plugin RuntimePhysXCooking
LogPluginManager: Mounting plugin ProceduralMeshComponent
LogPluginManager: Mounting plugin SignificanceManager
LogPluginManager: Mounting plugin SoundFields
LogPluginManager: Mounting plugin Synthesis
LogPluginManager: Mounting plugin WebMMoviePlayer
LogPluginManager: Mounting plugin WindowsMoviePlayer
LogPluginManager: Mounting plugin ScreenshotTools
LogPluginManager: Mounting plugin ContentBrowserAssetDataSource
LogPluginManager: Mounting plugin ContentBrowserClassDataSource
LogPluginManager: Mounting plugin ContentBrowserFileDataSource
LogPluginManager: Mounting plugin OnlineSubsystemGooglePlay
LogPluginManager: Mounting plugin OnlineSubsystemIOS
LogPluginManager: Mounting plugin OculusVR
LogPluginManager: Mounting plugin SteamVR
PixWinPlugin: PIX capture plugin failed to initialize! Check that the process is launched from PIX.
LogInit: Using libcurl 7.55.1-DEV
LogInit:  - built for x86_64-pc-win32
LogInit:  - supports SSL with OpenSSL/1.1.1
LogInit:  - supports HTTP deflate (compression) using libz 1.2.8
LogInit:  - other features:
LogInit:      CURL_VERSION_SSL
LogInit:      CURL_VERSION_LIBZ
LogInit:      CURL_VERSION_IPV6
LogInit:      CURL_VERSION_ASYNCHDNS
LogInit:      CURL_VERSION_LARGEFILE
LogInit:      CURL_VERSION_IDN
LogInit:  CurlRequestOptions (configurable via config and command line):
LogInit:  - bVerifyPeer = true  - Libcurl will verify peer certificate
LogInit:  - bUseHttpProxy = false  - Libcurl will NOT use HTTP proxy
LogInit:  - bDontReuseConnections = false  - Libcurl will reuse connections
LogInit:  - MaxHostConnections = 16  - Libcurl will limit the number of connections to a host
LogInit:  - LocalHostAddr = Default
LogInit:  - BufferSize = 65536
LogOnline: OSS: Creating online subsystem instance for: NULL
LogInit: WinSock: version 1.1 (2.2), MaxSocks=32767, MaxUdp=65467
LogOnline: OSS: TryLoadSubsystemAndSetDefault: Loaded subsystem for module [NULL]
LogOculusPluginWrapper: OculusPlugin initialized successfully
LogHMD: Failed initializing OVRPlugin 1.59.0
LogInit: Build: ++UE4+Release-4.27-CL-18319896
LogInit: Engine Version: 4.27.2-18319896+++UE4+Release-4.27
LogInit: Compatible Engine Version: 4.27.0-17155196+++UE4+Release-4.27
LogInit: Net CL: 17155196
LogInit: OS: Windows 10 (Release 2009) (), CPU: Intel(R) Core(TM) i5-10300H CPU @ 2.50GHz, GPU: Intel(R) UHD Graphics
LogInit: Compiled (64-bit): Nov 30 2021 07:12:08
LogInit: Compiled with Visual C++: 19.24.28315.00
LogInit: Build Configuration: Development
LogInit: Branch Name: ++UE4+Release-4.27
LogInit: Command Line:  /Game/Workplace/Maps/FirstLevel -game -PIEVIACONSOLE -Multiprocess "GameUserSettingsINI=D:/Progams on PC/Unreal/Project/Mini_laboratory/Saved/Config/Windows/PIEGameUserSettings0.ini" -MultiprocessSaveConfig -forcepassthrough -messaging -SessionName="Play in Standalone Game" -windowed -WinX=320 -WinY=210 SAVEWINPOS=1 -ResX=1165 -ResY=671
LogInit: Base Directory: D:/Progams on PC/Unreal/UE_4.27/Engine/Binaries/Win64/
LogInit: Allocator: TBB
LogInit: Installed Engine Build: 1
LogDevObjectVersion: Number of dev versions registered: 29
LogDevObjectVersion:   Dev-Blueprints (B0D832E4-1F89-4F0D-ACCF-7EB736FD4AA2): 10
LogDevObjectVersion:   Dev-Build (E1C64328-A22C-4D53-A36C-8E866417BD8C): 0
LogDevObjectVersion:   Dev-Core (375EC13C-06E4-48FB-B500-84F0262A717E): 4
LogDevObjectVersion:   Dev-Editor (E4B068ED-F494-42E9-A231-DA0B2E46BB41): 40
LogDevObjectVersion:   Dev-Framework (CFFC743F-43B0-4480-9391-14DF171D2073): 37
LogDevObjectVersion:   Dev-Mobile (B02B49B5-BB20-44E9-A304-32B752E40360): 3
LogDevObjectVersion:   Dev-Networking (A4E4105C-59A1-49B5-A7C5-40C4547EDFEE): 0
LogDevObjectVersion:   Dev-Online (39C831C9-5AE6-47DC-9A44-9C173E1C8E7C): 0
LogDevObjectVersion:   Dev-Physics (78F01B33-EBEA-4F98-B9B4-84EACCB95AA2): 14
LogDevObjectVersion:   Dev-Platform (6631380F-2D4D-43E0-8009-CF276956A95A): 0
LogDevObjectVersion:   Dev-Rendering (12F88B9F-8875-4AFC-A67C-D90C383ABD29): 45
LogDevObjectVersion:   Dev-Sequencer (7B5AE74C-D270-4C10-A958-57980B212A5A): 13
LogDevObjectVersion:   Dev-VR (D7296918-1DD6-4BDD-9DE2-64A83CC13884): 3
LogDevObjectVersion:   Dev-LoadTimes (C2A15278-BFE7-4AFE-6C17-90FF531DF755): 1
LogDevObjectVersion:   Private-Geometry (6EACA3D4-40EC-4CC1-B786-8BED09428FC5): 3
LogDevObjectVersion:   Dev-AnimPhys (29E575DD-E0A3-4627-9D10-D276232CDCEA): 17
LogDevObjectVersion:   Dev-Anim (AF43A65D-7FD3-4947-9873-3E8ED9C1BB05): 15
LogDevObjectVersion:   Dev-ReflectionCapture (6B266CEC-1EC7-4B8F-A30B-E4D90942FC07): 1
LogDevObjectVersion:   Dev-Automation (0DF73D61-A23F-47EA-B727-89E90C41499A): 1
LogDevObjectVersion:   FortniteMain (601D1886-AC64-4F84-AA16-D3DE0DEAC7D6): 47
LogDevObjectVersion:   FortniteRelease (E7086368-6B23-4C58-8439-1B7016265E91): 1
LogDevObjectVersion:   Dev-Enterprise (9DFFBCD6-494F-0158-E221-12823C92A888): 10
LogDevObjectVersion:   Dev-Niagara (F2AED0AC-9AFE-416F-8664-AA7FFA26D6FC): 1
LogDevObjectVersion:   Dev-Destruction (174F1F0B-B4C6-45A5-B13F-2EE8D0FB917D): 10
LogDevObjectVersion:   Dev-Physics-Ext (35F94A83-E258-406C-A318-09F59610247C): 41
LogDevObjectVersion:   Dev-PhysicsMaterial-Chaos (B68FC16E-8B1B-42E2-B453-215C058844FE): 1
LogDevObjectVersion:   Dev-CineCamera (B2E18506-4273-CFC2-A54E-F4BB758BBA07): 1
LogDevObjectVersion:   Dev-VirtualProduction (64F58936-FD1B-42BA-BA96-7289D5D0FA4E): 1
LogDevObjectVersion:   Dev-MediaFramework (6F0ED827-A609-4895-9C91-998D90180EA4): 2
LogInit: Presizing for max 25165824 objects, including 0 objects not considered by GC, pre-allocating 0 bytes for permanent pool.
LogConfig: Applying CVar settings from Section [/Script/Engine.StreamingSettings] File [D:/Progams on PC/Unreal/Project/Mini_laboratory/Saved/Config/Windows/Engine.ini]
LogConfig: Setting CVar [[s.MinBulkDataSizeForAsyncLoading:131072]]
LogConfig: Setting CVar [[s.AsyncLoadingThreadEnabled:0]]
LogConfig: Setting CVar [[s.EventDrivenLoaderEnabled:1]]
LogConfig: Setting CVar [[s.WarnIfTimeLimitExceeded:0]]
LogConfig: Setting CVar [[s.TimeLimitExceededMultiplier:1.5]]
LogConfig: Setting CVar [[s.TimeLimitExceededMinTime:0.005]]
LogConfig: Setting CVar [[s.UseBackgroundLevelStreaming:1]]
LogConfig: Setting CVar [[s.PriorityAsyncLoadingExtraTime:15.0]]
LogConfig: Setting CVar [[s.LevelStreamingActorsUpdateTimeLimit:5.0]]
LogConfig: Setting CVar [[s.PriorityLevelStreamingActorsUpdateExtraTime:5.0]]
LogConfig: Setting CVar [[s.LevelStreamingComponentsRegistrationGranularity:10]]
LogConfig: Setting CVar [[s.UnregisterComponentsTimeLimit:1.0]]
LogConfig: Setting CVar [[s.LevelStreamingComponentsUnregistrationGranularity:5]]
LogConfig: Setting CVar [[s.FlushStreamingOnExit:1]]
LogInit: Object subsystem initialized
LogConfig: Setting CVar [[con.DebugEarlyDefault:1]]
LogConfig: Setting CVar [[r.setres:1280x720]]
[2025.11.29-20.35.33:833][  0]LogConfig: Setting CVar [[con.DebugEarlyDefault:1]]
[2025.11.29-20.35.33:833][  0]LogConfig: Setting CVar [[r.setres:1280x720]]
[2025.11.29-20.35.33:833][  0]LogConfig: Applying CVar settings from Section [/Script/Engine.RendererSettings] File [D:/Progams on PC/Unreal/Project/Mini_laboratory/Saved/Config/Windows/Engine.ini]
[2025.11.29-20.35.33:833][  0]LogConfig: Setting CVar [[r.GPUCrashDebugging:0]]
[2025.11.29-20.35.33:833][  0]LogConfig: Applying CVar settings from Section [/Script/Engine.RendererOverrideSettings] File [D:/Progams on PC/Unreal/Project/Mini_laboratory/Saved/Config/Windows/Engine.ini]
[2025.11.29-20.35.33:833][  0]LogConfig: Applying CVar settings from Section [/Script/Engine.StreamingSettings] File [D:/Progams on PC/Unreal/Project/Mini_laboratory/Saved/Config/Windows/Engine.ini]
[2025.11.29-20.35.33:833][  0]LogConfig: Setting CVar [[s.MinBulkDataSizeForAsyncLoading:131072]]
[2025.11.29-20.35.33:833][  0]LogConfig: Setting CVar [[s.AsyncLoadingThreadEnabled:0]]
[2025.11.29-20.35.33:833][  0]LogConfig: Setting CVar [[s.EventDrivenLoaderEnabled:1]]
[2025.11.29-20.35.33:833][  0]LogConfig: Setting CVar [[s.WarnIfTimeLimitExceeded:0]]
[2025.11.29-20.35.33:833][  0]LogConfig: Setting CVar [[s.TimeLimitExceededMultiplier:1.5]]
[2025.11.29-20.35.33:833][  0]LogConfig: Setting CVar [[s.TimeLimitExceededMinTime:0.005]]
[2025.11.29-20.35.33:833][  0]LogConfig: Setting CVar [[s.UseBackgroundLevelStreaming:1]]
[2025.11.29-20.35.33:833][  0]LogConfig: Setting CVar [[s.PriorityAsyncLoadingExtraTime:15.0]]
[2025.11.29-20.35.33:833][  0]LogConfig: Setting CVar [[s.LevelStreamingActorsUpdateTimeLimit:5.0]]
[2025.11.29-20.35.33:833][  0]LogConfig: Setting CVar [[s.PriorityLevelStreamingActorsUpdateExtraTime:5.0]]
[2025.11.29-20.35.33:833][  0]LogConfig: Setting CVar [[s.LevelStreamingComponentsRegistrationGranularity:10]]
[2025.11.29-20.35.33:833][  0]LogConfig: Setting CVar [[s.UnregisterComponentsTimeLimit:1.0]]
[2025.11.29-20.35.33:833][  0]LogConfig: Setting CVar [[s.LevelStreamingComponentsUnregistrationGranularity:5]]
[2025.11.29-20.35.33:833][  0]LogConfig: Setting CVar [[s.FlushStreamingOnExit:1]]
[2025.11.29-20.35.33:833][  0]LogConfig: Applying CVar settings from Section [/Script/Engine.GarbageCollectionSettings] File [D:/Progams on PC/Unreal/Project/Mini_laboratory/Saved/Config/Windows/Engine.ini]
[2025.11.29-20.35.33:833][  0]LogConfig: Setting CVar [[gc.MaxObjectsNotConsideredByGC:1]]
[2025.11.29-20.35.33:833][  0]LogConfig: Setting CVar [[gc.SizeOfPermanentObjectPool:0]]
[2025.11.29-20.35.33:833][  0]LogConfig: Setting CVar [[gc.FlushStreamingOnGC:0]]
[2025.11.29-20.35.33:833][  0]LogConfig: Setting CVar [[gc.NumRetriesBeforeForcingGC:10]]
[2025.11.29-20.35.33:833][  0]LogConfig: Setting CVar [[gc.AllowParallelGC:1]]
[2025.11.29-20.35.33:833][  0]LogConfig: Setting CVar [[gc.TimeBetweenPurgingPendingKillObjects:61.1]]
[2025.11.29-20.35.33:833][  0]LogConfig: Setting CVar [[gc.MaxObjectsInEditor:25165824]]
[2025.11.29-20.35.33:833][  0]LogConfig: Setting CVar [[gc.IncrementalBeginDestroyEnabled:1]]
[2025.11.29-20.35.33:833][  0]LogConfig: Setting CVar [[gc.CreateGCClusters:1]]
[2025.11.29-20.35.33:833][  0]LogConfig: Setting CVar [[gc.MinGCClusterSize:5]]
[2025.11.29-20.35.33:833][  0]LogConfig: Setting CVar [[gc.ActorClusteringEnabled:0]]
[2025.11.29-20.35.33:833][  0]LogConfig: Setting CVar [[gc.BlueprintClusteringEnabled:0]]
[2025.11.29-20.35.33:833][  0]LogConfig: Setting CVar [[gc.UseDisregardForGCOnDedicatedServers:0]]
[2025.11.29-20.35.33:833][  0]LogConfig: Setting CVar [[gc.MultithreadedDestructionEnabled:1]]
[2025.11.29-20.35.33:833][  0]LogConfig: Applying CVar settings from Section [/Script/Engine.NetworkSettings] File [D:/Progams on PC/Unreal/Project/Mini_laboratory/Saved/Config/Windows/Engine.ini]
[2025.11.29-20.35.33:833][  0]LogConfig: Applying CVar settings from Section [/Script/UnrealEd.CookerSettings] File [D:/Progams on PC/Unreal/Project/Mini_laboratory/Saved/Config/Windows/Engine.ini]
[2025.11.29-20.35.33:838][  0]LogConfig: Applying CVar settings from Section [ViewDistanceQuality@3] File [D:/Progams on PC/Unreal/Project/Mini_laboratory/Saved/Config/Windows/Scalability.ini]
[2025.11.29-20.35.33:838][  0]LogConfig: Setting CVar [[r.SkeletalMeshLODBias:0]]
[2025.11.29-20.35.33:838][  0]LogConfig: Setting CVar [[r.ViewDistanceScale:1.0]]
[2025.11.29-20.35.33:838][  0]LogConfig: Applying CVar settings from Section [AntiAliasingQuality@3] File [D:/Progams on PC/Unreal/Project/Mini_laboratory/Saved/Config/Windows/Scalability.ini]
[2025.11.29-20.35.33:838][  0]LogConfig: Setting CVar [[r.PostProcessAAQuality:4]]
[2025.11.29-20.35.33:838][  0]LogConfig: Applying CVar settings from Section [ShadowQuality@3] File [D:/Progams on PC/Unreal/Project/Mini_laboratory/Saved/Config/Windows/Scalability.ini]
[2025.11.29-20.35.33:838][  0]LogConfig: Setting CVar [[r.LightFunctionQuality:1]]
[2025.11.29-20.35.33:838][  0]LogConfig: Setting CVar [[r.ShadowQuality:5]]
[2025.11.29-20.35.33:838][  0]LogConfig: Setting CVar [[r.Shadow.CSM.MaxCascades:10]]
[2025.11.29-20.35.33:838][  0]LogConfig: Setting CVar [[r.Shadow.MaxResolution:2048]]
[2025.11.29-20.35.33:838][  0]LogConfig: Setting CVar [[r.Shadow.MaxCSMResolution:2048]]
[2025.11.29-20.35.33:838][  0]LogConfig: Setting CVar [[r.Shadow.RadiusThreshold:0.01]]
[2025.11.29-20.35.33:838][  0]LogConfig: Setting CVar [[r.Shadow.DistanceScale:1.0]]
[2025.11.29-20.35.33:838][  0]LogConfig: Setting CVar [[r.Shadow.CSM.TransitionScale:1.0]]
[2025.11.29-20.35.33:838][  0]LogConfig: Setting CVar [[r.Shadow.PreShadowResolutionFactor:1.0]]
[2025.11.29-20.35.33:838][  0]LogConfig: Setting CVar [[r.DistanceFieldShadowing:1]]
[2025.11.29-20.35.33:838][  0]LogConfig: Setting CVar [[r.DistanceFieldAO:1]]
[2025.11.29-20.35.33:838][  0]LogConfig: Setting CVar [[r.AOQuality:2]]
[2025.11.29-20.35.33:838][  0]LogConfig: Setting CVar [[r.VolumetricFog:1]]
[2025.11.29-20.35.33:838][  0]LogConfig: Setting CVar [[r.VolumetricFog.GridPixelSize:8]]
[2025.11.29-20.35.33:838][  0]LogConfig: Setting CVar [[r.VolumetricFog.GridSizeZ:128]]
[2025.11.29-20.35.33:838][  0]LogConfig: Setting CVar [[r.VolumetricFog.HistoryMissSupersampleCount:4]]
[2025.11.29-20.35.33:838][  0]LogConfig: Setting CVar [[r.LightMaxDrawDistanceScale:1]]
[2025.11.29-20.35.33:838][  0]LogConfig: Setting CVar [[r.CapsuleShadows:1]]
[2025.11.29-20.35.33:838][  0]LogConfig: Applying CVar settings from Section [PostProcessQuality@3] File [D:/Progams on PC/Unreal/Project/Mini_laboratory/Saved/Config/Windows/Scalability.ini]
[2025.11.29-20.35.33:838][  0]LogConfig: Setting CVar [[r.MotionBlurQuality:4]]
[2025.11.29-20.35.33:838][  0]LogConfig: Setting CVar [[r.AmbientOcclusionMipLevelFactor:0.4]]
[2025.11.29-20.35.33:838][  0]LogConfig: Setting CVar [[r.AmbientOcclusionMaxQuality:100]]
[2025.11.29-20.35.33:838][  0]LogConfig: Setting CVar [[r.AmbientOcclusionLevels:-1]]
[2025.11.29-20.35.33:838][  0]LogConfig: Setting CVar [[r.AmbientOcclusionRadiusScale:1.0]]
[2025.11.29-20.35.33:838][  0]LogConfig: Setting CVar [[r.DepthOfFieldQuality:2]]
[2025.11.29-20.35.33:838][  0]LogConfig: Setting CVar [[r.RenderTargetPoolMin:400]]
[2025.11.29-20.35.33:838][  0]LogConfig: Setting CVar [[r.LensFlareQuality:2]]
[2025.11.29-20.35.33:838][  0]LogConfig: Setting CVar [[r.SceneColorFringeQuality:1]]
[2025.11.29-20.35.33:838][  0]LogConfig: Setting CVar [[r.EyeAdaptationQuality:2]]
[2025.11.29-20.35.33:838][  0]LogConfig: Setting CVar [[r.BloomQuality:5]]
[2025.11.29-20.35.33:839][  0]LogConfig: Setting CVar [[r.FastBlurThreshold:100]]
[2025.11.29-20.35.33:839][  0]LogConfig: Setting CVar [[r.Upscale.Quality:3]]
[2025.11.29-20.35.33:839][  0]LogConfig: Setting CVar [[r.Tonemapper.GrainQuantization:1]]
[2025.11.29-20.35.33:839][  0]LogConfig: Setting CVar [[r.LightShaftQuality:1]]
[2025.11.29-20.35.33:839][  0]LogConfig: Setting CVar [[r.Filter.SizeScale:1]]
[2025.11.29-20.35.33:839][  0]LogConfig: Setting CVar [[r.Tonemapper.Quality:5]]
[2025.11.29-20.35.33:839][  0]LogConfig: Setting CVar [[r.DOF.Gather.AccumulatorQuality:1        ; higher gathering accumulator quality]]
[2025.11.29-20.35.33:839][  0]LogConfig: Setting CVar [[r.DOF.Gather.PostfilterMethod:1          ; Median3x3 postfilering method]]
[2025.11.29-20.35.33:839][  0]LogConfig: Setting CVar [[r.DOF.Gather.EnableBokehSettings:0       ; no bokeh simulation when gathering]]
[2025.11.29-20.35.33:839][  0]LogConfig: Setting CVar [[r.DOF.Gather.RingCount:4                 ; medium number of samples when gathering]]
[2025.11.29-20.35.33:839][  0]LogConfig: Setting CVar [[r.DOF.Scatter.ForegroundCompositing:1    ; additive foreground scattering]]
[2025.11.29-20.35.33:839][  0]LogConfig: Setting CVar [[r.DOF.Scatter.BackgroundCompositing:2    ; additive background scattering]]
[2025.11.29-20.35.33:839][  0]LogConfig: Setting CVar [[r.DOF.Scatter.EnableBokehSettings:1      ; bokeh simulation when scattering]]
[2025.11.29-20.35.33:839][  0]LogConfig: Setting CVar [[r.DOF.Scatter.MaxSpriteRatio:0.1         ; only a maximum of 10% of scattered bokeh]]
[2025.11.29-20.35.33:839][  0]LogConfig: Setting CVar [[r.DOF.Recombine.Quality:1                ; cheap slight out of focus]]
[2025.11.29-20.35.33:839][  0]LogConfig: Setting CVar [[r.DOF.Recombine.EnableBokehSettings:0    ; no bokeh simulation on slight out of focus]]
[2025.11.29-20.35.33:839][  0]LogConfig: Setting CVar [[r.DOF.TemporalAAQuality:1                ; more stable temporal accumulation]]
[2025.11.29-20.35.33:839][  0]LogConfig: Setting CVar [[r.DOF.Kernel.MaxForegroundRadius:0.025]]
[2025.11.29-20.35.33:839][  0]LogConfig: Setting CVar [[r.DOF.Kernel.MaxBackgroundRadius:0.025]]
[2025.11.29-20.35.33:839][  0]LogConfig: Applying CVar settings from Section [TextureQuality@3] File [D:/Progams on PC/Unreal/Project/Mini_laboratory/Saved/Config/Windows/Scalability.ini]
[2025.11.29-20.35.33:839][  0]LogConfig: Setting CVar [[r.Streaming.MipBias:0]]
[2025.11.29-20.35.33:839][  0]LogConfig: Setting CVar [[r.Streaming.AmortizeCPUToGPUCopy:0]]
[2025.11.29-20.35.33:839][  0]LogConfig: Setting CVar [[r.Streaming.MaxNumTexturesToStreamPerFrame:0]]
[2025.11.29-20.35.33:839][  0]LogConfig: Setting CVar [[r.Streaming.Boost:1]]
[2025.11.29-20.35.33:839][  0]LogConfig: Setting CVar [[r.MaxAnisotropy:8]]
[2025.11.29-20.35.33:839][  0]LogConfig: Setting CVar [[r.VT.MaxAnisotropy:8]]
[2025.11.29-20.35.33:839][  0]LogConfig: Setting CVar [[r.Streaming.LimitPoolSizeToVRAM:0]]
[2025.11.29-20.35.33:839][  0]LogConfig: Setting CVar [[r.Streaming.PoolSize:1000]]
[2025.11.29-20.35.33:839][  0]LogConfig: Setting CVar [[r.Streaming.MaxEffectiveScreenSize:0]]
[2025.11.29-20.35.33:839][  0]LogConfig: Applying CVar settings from Section [EffectsQuality@3] File [D:/Progams on PC/Unreal/Project/Mini_laboratory/Saved/Config/Windows/Scalability.ini]
[2025.11.29-20.35.33:839][  0]LogConfig: Setting CVar [[r.TranslucencyLightingVolumeDim:64]]
[2025.11.29-20.35.33:839][  0]LogConfig: Setting CVar [[r.RefractionQuality:2]]
[2025.11.29-20.35.33:839][  0]LogConfig: Setting CVar [[r.SSR.Quality:3]]
[2025.11.29-20.35.33:839][  0]LogConfig: Setting CVar [[r.SSR.HalfResSceneColor:0]]
[2025.11.29-20.35.33:839][  0]LogConfig: Setting CVar [[r.SceneColorFormat:4]]
[2025.11.29-20.35.33:839][  0]LogConfig: Setting CVar [[r.DetailMode:2]]
[2025.11.29-20.35.33:839][  0]LogConfig: Setting CVar [[r.TranslucencyVolumeBlur:1]]
[2025.11.29-20.35.33:839][  0]LogConfig: Setting CVar [[r.MaterialQualityLevel:1 ; High quality]]
[2025.11.29-20.35.33:839][  0]LogConfig: Setting CVar [[r.AnisotropicMaterials:1]]
[2025.11.29-20.35.33:839][  0]LogConfig: Setting CVar [[r.SSS.Scale:1]]
[2025.11.29-20.35.33:839][  0]LogConfig: Setting CVar [[r.SSS.SampleSet:2]]
[2025.11.29-20.35.33:839][  0]LogConfig: Setting CVar [[r.SSS.Quality:1]]
[2025.11.29-20.35.33:839][  0]LogConfig: Setting CVar [[r.SSS.HalfRes:0]]
[2025.11.29-20.35.33:839][  0]LogConfig: Setting CVar [[r.SSGI.Quality:3]]
[2025.11.29-20.35.33:839][  0]LogConfig: Setting CVar [[r.EmitterSpawnRateScale:1.0]]
[2025.11.29-20.35.33:839][  0]LogConfig: Setting CVar [[r.ParticleLightQuality:2]]
[2025.11.29-20.35.33:839][  0]LogConfig: Setting CVar [[r.SkyAtmosphere.AerialPerspectiveLUT.FastApplyOnOpaque:1 ; Always have FastSkyLUT 1 in this case to avoid wrong sky]]
[2025.11.29-20.35.33:839][  0]LogConfig: Setting CVar [[r.SkyAtmosphere.AerialPerspectiveLUT.SampleCountMaxPerSlice:4]]
[2025.11.29-20.35.33:839][  0]LogConfig: Setting CVar [[r.SkyAtmosphere.AerialPerspectiveLUT.DepthResolution:16.0]]
[2025.11.29-20.35.33:839][  0]LogConfig: Setting CVar [[r.SkyAtmosphere.FastSkyLUT:1]]
[2025.11.29-20.35.33:839][  0]LogConfig: Setting CVar [[r.SkyAtmosphere.FastSkyLUT.SampleCountMin:4.0]]
[2025.11.29-20.35.33:839][  0]LogConfig: Setting CVar [[r.SkyAtmosphere.FastSkyLUT.SampleCountMax:128.0]]
[2025.11.29-20.35.33:839][  0]LogConfig: Setting CVar [[r.SkyAtmosphere.SampleCountMin:4.0]]
[2025.11.29-20.35.33:839][  0]LogConfig: Setting CVar [[r.SkyAtmosphere.SampleCountMax:128.0]]
[2025.11.29-20.35.33:839][  0]LogConfig: Setting CVar [[r.SkyAtmosphere.TransmittanceLUT.UseSmallFormat:0]]
[2025.11.29-20.35.33:839][  0]LogConfig: Setting CVar [[r.SkyAtmosphere.TransmittanceLUT.SampleCount:10.0]]
[2025.11.29-20.35.33:839][  0]LogConfig: Setting CVar [[r.SkyAtmosphere.MultiScatteringLUT.SampleCount:15.0]]
[2025.11.29-20.35.33:839][  0]LogConfig: Setting CVar [[r.SkyLight.RealTimeReflectionCapture:1]]
[2025.11.29-20.35.33:839][  0]LogConfig: Applying CVar settings from Section [FoliageQuality@3] File [D:/Progams on PC/Unreal/Project/Mini_laboratory/Saved/Config/Windows/Scalability.ini]
[2025.11.29-20.35.33:839][  0]LogConfig: Setting CVar [[foliage.DensityScale:1.0]]
[2025.11.29-20.35.33:839][  0]LogConfig: Setting CVar [[grass.DensityScale:1.0]]
[2025.11.29-20.35.33:839][  0]LogConfig: Applying CVar settings from Section [ShadingQuality@3] File [D:/Progams on PC/Unreal/Project/Mini_laboratory/Saved/Config/Windows/Scalability.ini]
[2025.11.29-20.35.33:839][  0]LogConfig: Setting CVar [[r.HairStrands.SkyLighting.IntegrationType:2]]
[2025.11.29-20.35.33:839][  0]LogConfig: Setting CVar [[r.HairStrands.SkyAO.SampleCount:4]]
[2025.11.29-20.35.33:839][  0]LogConfig: Setting CVar [[r.HairStrands.Visibility.MSAA.SamplePerPixel:4]]
[2025.11.29-20.35.33:839][  0]LogInit: Selected Device Profile: [Windows]
[2025.11.29-20.35.33:839][  0]LogInit: Applying CVar settings loaded from the selected device profile: [Windows]
[2025.11.29-20.35.33:839][  0]LogHAL: Display: Platform has ~ 8 GB [8451309568 / 8589934592 / 8], which maps to Default [LargestMinGB=32, LargerMinGB=12, DefaultMinGB=8, SmallerMinGB=6, SmallestMinGB=0)
[2025.11.29-20.35.33:839][  0]LogInit: Going up to parent DeviceProfile []
[2025.11.29-20.35.33:840][  0]LogConfig: Applying CVar settings from Section [ViewDistanceQuality@3] File [D:/Progams on PC/Unreal/Project/Mini_laboratory/Saved/Config/Windows/Scalability.ini]
[2025.11.29-20.35.33:840][  0]LogConfig: Setting CVar [[r.SkeletalMeshLODBias:0]]
[2025.11.29-20.35.33:840][  0]LogConfig: Setting CVar [[r.ViewDistanceScale:1.0]]
[2025.11.29-20.35.33:840][  0]LogConfig: Applying CVar settings from Section [AntiAliasingQuality@3] File [D:/Progams on PC/Unreal/Project/Mini_laboratory/Saved/Config/Windows/Scalability.ini]
[2025.11.29-20.35.33:840][  0]LogConfig: Setting CVar [[r.PostProcessAAQuality:4]]
[2025.11.29-20.35.33:840][  0]LogConfig: Applying CVar settings from Section [ShadowQuality@3] File [D:/Progams on PC/Unreal/Project/Mini_laboratory/Saved/Config/Windows/Scalability.ini]
[2025.11.29-20.35.33:840][  0]LogConfig: Setting CVar [[r.LightFunctionQuality:1]]
[2025.11.29-20.35.33:840][  0]LogConfig: Setting CVar [[r.ShadowQuality:5]]
[2025.11.29-20.35.33:840][  0]LogConfig: Setting CVar [[r.Shadow.CSM.MaxCascades:10]]
[2025.11.29-20.35.33:840][  0]LogConfig: Setting CVar [[r.Shadow.MaxResolution:2048]]
[2025.11.29-20.35.33:840][  0]LogConfig: Setting CVar [[r.Shadow.MaxCSMResolution:2048]]
[2025.11.29-20.35.33:840][  0]LogConfig: Setting CVar [[r.Shadow.RadiusThreshold:0.01]]
[2025.11.29-20.35.33:840][  0]LogConfig: Setting CVar [[r.Shadow.DistanceScale:1.0]]
[2025.11.29-20.35.33:840][  0]LogConfig: Setting CVar [[r.Shadow.CSM.TransitionScale:1.0]]
[2025.11.29-20.35.33:840][  0]LogConfig: Setting CVar [[r.Shadow.PreShadowResolutionFactor:1.0]]
[2025.11.29-20.35.33:840][  0]LogConfig: Setting CVar [[r.DistanceFieldShadowing:1]]
[2025.11.29-20.35.33:840][  0]LogConfig: Setting CVar [[r.DistanceFieldAO:1]]
[2025.11.29-20.35.33:840][  0]LogConfig: Setting CVar [[r.AOQuality:2]]
[2025.11.29-20.35.33:840][  0]LogConfig: Setting CVar [[r.VolumetricFog:1]]
[2025.11.29-20.35.33:840][  0]LogConfig: Setting CVar [[r.VolumetricFog.GridPixelSize:8]]
[2025.11.29-20.35.33:840][  0]LogConfig: Setting CVar [[r.VolumetricFog.GridSizeZ:128]]
[2025.11.29-20.35.33:840][  0]LogConfig: Setting CVar [[r.VolumetricFog.HistoryMissSupersampleCount:4]]
[2025.11.29-20.35.33:840][  0]LogConfig: Setting CVar [[r.LightMaxDrawDistanceScale:1]]
[2025.11.29-20.35.33:840][  0]LogConfig: Setting CVar [[r.CapsuleShadows:1]]
[2025.11.29-20.35.33:840][  0]LogConfig: Applying CVar settings from Section [PostProcessQuality@3] File [D:/Progams on PC/Unreal/Project/Mini_laboratory/Saved/Config/Windows/Scalability.ini]
[2025.11.29-20.35.33:840][  0]LogConfig: Setting CVar [[r.MotionBlurQuality:4]]
[2025.11.29-20.35.33:840][  0]LogConfig: Setting CVar [[r.AmbientOcclusionMipLevelFactor:0.4]]
[2025.11.29-20.35.33:840][  0]LogConfig: Setting CVar [[r.AmbientOcclusionMaxQuality:100]]
[2025.11.29-20.35.33:840][  0]LogConfig: Setting CVar [[r.AmbientOcclusionLevels:-1]]
[2025.11.29-20.35.33:840][  0]LogConfig: Setting CVar [[r.AmbientOcclusionRadiusScale:1.0]]
[2025.11.29-20.35.33:840][  0]LogConfig: Setting CVar [[r.DepthOfFieldQuality:2]]
[2025.11.29-20.35.33:840][  0]LogConfig: Setting CVar [[r.RenderTargetPoolMin:400]]
[2025.11.29-20.35.33:840][  0]LogConfig: Setting CVar [[r.LensFlareQuality:2]]
[2025.11.29-20.35.33:840][  0]LogConfig: Setting CVar [[r.SceneColorFringeQuality:1]]
[2025.11.29-20.35.33:840][  0]LogConfig: Setting CVar [[r.EyeAdaptationQuality:2]]
[2025.11.29-20.35.33:840][  0]LogConfig: Setting CVar [[r.BloomQuality:5]]
[2025.11.29-20.35.33:840][  0]LogConfig: Setting CVar [[r.FastBlurThreshold:100]]
[2025.11.29-20.35.33:840][  0]LogConfig: Setting CVar [[r.Upscale.Quality:3]]
[2025.11.29-20.35.33:840][  0]LogConfig: Setting CVar [[r.Tonemapper.GrainQuantization:1]]
[2025.11.29-20.35.33:840][  0]LogConfig: Setting CVar [[r.LightShaftQuality:1]]
[2025.11.29-20.35.33:840][  0]LogConfig: Setting CVar [[r.Filter.SizeScale:1]]
[2025.11.29-20.35.33:840][  0]LogConfig: Setting CVar [[r.Tonemapper.Quality:5]]
[2025.11.29-20.35.33:840][  0]LogConfig: Setting CVar [[r.DOF.Gather.AccumulatorQuality:1        ; higher gathering accumulator quality]]
[2025.11.29-20.35.33:840][  0]LogConfig: Setting CVar [[r.DOF.Gather.PostfilterMethod:1          ; Median3x3 postfilering method]]
[2025.11.29-20.35.33:840][  0]LogConfig: Setting CVar [[r.DOF.Gather.EnableBokehSettings:0       ; no bokeh simulation when gathering]]
[2025.11.29-20.35.33:840][  0]LogConfig: Setting CVar [[r.DOF.Gather.RingCount:4                 ; medium number of samples when gathering]]
[2025.11.29-20.35.33:840][  0]LogConfig: Setting CVar [[r.DOF.Scatter.ForegroundCompositing:1    ; additive foreground scattering]]
[2025.11.29-20.35.33:840][  0]LogConfig: Setting CVar [[r.DOF.Scatter.BackgroundCompositing:2    ; additive background scattering]]
[2025.11.29-20.35.33:840][  0]LogConfig: Setting CVar [[r.DOF.Scatter.EnableBokehSettings:1      ; bokeh simulation when scattering]]
[2025.11.29-20.35.33:840][  0]LogConfig: Setting CVar [[r.DOF.Scatter.MaxSpriteRatio:0.1         ; only a maximum of 10% of scattered bokeh]]
[2025.11.29-20.35.33:840][  0]LogConfig: Setting CVar [[r.DOF.Recombine.Quality:1                ; cheap slight out of focus]]
[2025.11.29-20.35.33:840][  0]LogConfig: Setting CVar [[r.DOF.Recombine.EnableBokehSettings:0    ; no bokeh simulation on slight out of focus]]
[2025.11.29-20.35.33:840][  0]LogConfig: Setting CVar [[r.DOF.TemporalAAQuality:1                ; more stable temporal accumulation]]
[2025.11.29-20.35.33:840][  0]LogConfig: Setting CVar [[r.DOF.Kernel.MaxForegroundRadius:0.025]]
[2025.11.29-20.35.33:840][  0]LogConfig: Setting CVar [[r.DOF.Kernel.MaxBackgroundRadius:0.025]]
[2025.11.29-20.35.33:840][  0]LogConfig: Applying CVar settings from Section [TextureQuality@3] File [D:/Progams on PC/Unreal/Project/Mini_laboratory/Saved/Config/Windows/Scalability.ini]
[2025.11.29-20.35.33:840][  0]LogConfig: Setting CVar [[r.Streaming.MipBias:0]]
[2025.11.29-20.35.33:840][  0]LogConfig: Setting CVar [[r.Streaming.AmortizeCPUToGPUCopy:0]]
[2025.11.29-20.35.33:840][  0]LogConfig: Setting CVar [[r.Streaming.MaxNumTexturesToStreamPerFrame:0]]
[2025.11.29-20.35.33:840][  0]LogConfig: Setting CVar [[r.Streaming.Boost:1]]
[2025.11.29-20.35.33:840][  0]LogConfig: Setting CVar [[r.MaxAnisotropy:8]]
[2025.11.29-20.35.33:840][  0]LogConfig: Setting CVar [[r.VT.MaxAnisotropy:8]]
[2025.11.29-20.35.33:840][  0]LogConfig: Setting CVar [[r.Streaming.LimitPoolSizeToVRAM:0]]
[2025.11.29-20.35.33:840][  0]LogConfig: Setting CVar [[r.Streaming.PoolSize:1000]]
[2025.11.29-20.35.33:840][  0]LogConfig: Setting CVar [[r.Streaming.MaxEffectiveScreenSize:0]]
[2025.11.29-20.35.33:840][  0]LogConfig: Applying CVar settings from Section [EffectsQuality@3] File [D:/Progams on PC/Unreal/Project/Mini_laboratory/Saved/Config/Windows/Scalability.ini]
[2025.11.29-20.35.33:840][  0]LogConfig: Setting CVar [[r.TranslucencyLightingVolumeDim:64]]
[2025.11.29-20.35.33:840][  0]LogConfig: Setting CVar [[r.RefractionQuality:2]]
[2025.11.29-20.35.33:840][  0]LogConfig: Setting CVar [[r.SSR.Quality:3]]
[2025.11.29-20.35.33:840][  0]LogConfig: Setting CVar [[r.SSR.HalfResSceneColor:0]]
[2025.11.29-20.35.33:840][  0]LogConfig: Setting CVar [[r.SceneColorFormat:4]]
[2025.11.29-20.35.33:840][  0]LogConfig: Setting CVar [[r.DetailMode:2]]
[2025.11.29-20.35.33:840][  0]LogConfig: Setting CVar [[r.TranslucencyVolumeBlur:1]]
[2025.11.29-20.35.33:840][  0]LogConfig: Setting CVar [[r.MaterialQualityLevel:1 ; High quality]]
[2025.11.29-20.35.33:840][  0]LogConfig: Setting CVar [[r.AnisotropicMaterials:1]]
[2025.11.29-20.35.33:840][  0]LogConfig: Setting CVar [[r.SSS.Scale:1]]
[2025.11.29-20.35.33:840][  0]LogConfig: Setting CVar [[r.SSS.SampleSet:2]]
[2025.11.29-20.35.33:840][  0]LogConfig: Setting CVar [[r.SSS.Quality:1]]
[2025.11.29-20.35.33:840][  0]LogConfig: Setting CVar [[r.SSS.HalfRes:0]]
[2025.11.29-20.35.33:840][  0]LogConfig: Setting CVar [[r.SSGI.Quality:3]]
[2025.11.29-20.35.33:840][  0]LogConfig: Setting CVar [[r.EmitterSpawnRateScale:1.0]]
[2025.11.29-20.35.33:840][  0]LogConfig: Setting CVar [[r.ParticleLightQuality:2]]
[2025.11.29-20.35.33:840][  0]LogConfig: Setting CVar [[r.SkyAtmosphere.AerialPerspectiveLUT.FastApplyOnOpaque:1 ; Always have FastSkyLUT 1 in this case to avoid wrong sky]]
[2025.11.29-20.35.33:840][  0]LogConfig: Setting CVar [[r.SkyAtmosphere.AerialPerspectiveLUT.SampleCountMaxPerSlice:4]]
[2025.11.29-20.35.33:840][  0]LogConfig: Setting CVar [[r.SkyAtmosphere.AerialPerspectiveLUT.DepthResolution:16.0]]
[2025.11.29-20.35.33:840][  0]LogConfig: Setting CVar [[r.SkyAtmosphere.FastSkyLUT:1]]
[2025.11.29-20.35.33:840][  0]LogConfig: Setting CVar [[r.SkyAtmosphere.FastSkyLUT.SampleCountMin:4.0]]
[2025.11.29-20.35.33:840][  0]LogConfig: Setting CVar [[r.SkyAtmosphere.FastSkyLUT.SampleCountMax:128.0]]
[2025.11.29-20.35.33:840][  0]LogConfig: Setting CVar [[r.SkyAtmosphere.SampleCountMin:4.0]]
[2025.11.29-20.35.33:840][  0]LogConfig: Setting CVar [[r.SkyAtmosphere.SampleCountMax:128.0]]
[2025.11.29-20.35.33:840][  0]LogConfig: Setting CVar [[r.SkyAtmosphere.TransmittanceLUT.UseSmallFormat:0]]
[2025.11.29-20.35.33:840][  0]LogConfig: Setting CVar [[r.SkyAtmosphere.TransmittanceLUT.SampleCount:10.0]]
[2025.11.29-20.35.33:840][  0]LogConfig: Setting CVar [[r.SkyAtmosphere.MultiScatteringLUT.SampleCount:15.0]]
[2025.11.29-20.35.33:840][  0]LogConfig: Setting CVar [[r.SkyLight.RealTimeReflectionCapture:1]]
[2025.11.29-20.35.33:840][  0]LogConfig: Applying CVar settings from Section [FoliageQuality@3] File [D:/Progams on PC/Unreal/Project/Mini_laboratory/Saved/Config/Windows/Scalability.ini]
[2025.11.29-20.35.33:840][  0]LogConfig: Setting CVar [[foliage.DensityScale:1.0]]
[2025.11.29-20.35.33:840][  0]LogConfig: Setting CVar [[grass.DensityScale:1.0]]
[2025.11.29-20.35.33:840][  0]LogConfig: Applying CVar settings from Section [ShadingQuality@3] File [D:/Progams on PC/Unreal/Project/Mini_laboratory/Saved/Config/Windows/Scalability.ini]
[2025.11.29-20.35.33:841][  0]LogConfig: Setting CVar [[r.HairStrands.SkyLighting.IntegrationType:2]]
[2025.11.29-20.35.33:841][  0]LogConfig: Setting CVar [[r.HairStrands.SkyAO.SampleCount:4]]
[2025.11.29-20.35.33:841][  0]LogConfig: Setting CVar [[r.HairStrands.Visibility.MSAA.SamplePerPixel:4]]
[2025.11.29-20.35.33:841][  0]LogConfig: Applying CVar settings from Section [Startup] File [../../../Engine/Config/ConsoleVariables.ini]
[2025.11.29-20.35.33:841][  0]LogConfig: Setting CVar [[net.UseAdaptiveNetUpdateFrequency:0]]
[2025.11.29-20.35.33:841][  0]LogConfig: Setting CVar [[p.chaos.AllowCreatePhysxBodies:1]]
[2025.11.29-20.35.33:841][  0]LogConfig: Setting CVar [[fx.SkipVectorVMBackendOptimizations:1]]
[2025.11.29-20.35.33:841][  0]LogConfig: Applying CVar settings from Section [ConsoleVariables] File [D:/Progams on PC/Unreal/Project/Mini_laboratory/Saved/Config/Windows/Engine.ini]
[2025.11.29-20.35.33:841][  0]LogConfig: Applying CVar settings from Section [ConsoleVariables] File [D:/Progams on PC/Unreal/Project/Mini_laboratory/Saved/Config/Windows/Editor.ini]
[2025.11.29-20.35.33:841][  0]LogInit: Computer: LAPTOP-RE3L13LG
[2025.11.29-20.35.33:841][  0]LogInit: User: Vladislav
[2025.11.29-20.35.33:841][  0]LogInit: CPU Page size=4096, Cores=4
[2025.11.29-20.35.33:841][  0]LogInit: High frequency timer resolution =10.000000 MHz
[2025.11.29-20.35.33:841][  0]LogMemory: Memory total: Physical=7.9GB (8GB approx)
[2025.11.29-20.35.33:841][  0]LogMemory: Platform Memory Stats for Windows
[2025.11.29-20.35.33:841][  0]LogMemory: Process Physical Memory: 143.05 MB used, 143.06 MB peak
[2025.11.29-20.35.33:841][  0]LogMemory: Process Virtual Memory: 126.49 MB used, 126.49 MB peak
[2025.11.29-20.35.33:841][  0]LogMemory: Physical Memory: 7067.68 MB used,  992.12 MB free, 8059.80 MB total
[2025.11.29-20.35.33:841][  0]LogMemory: Virtual Memory: 134212960.00 MB used,  4769.51 MB free, 134217728.00 MB total
[2025.11.29-20.35.33:848][  0]LogWindows: WindowsPlatformFeatures enabled
[2025.11.29-20.35.33:937][  0]LogInit: Physics initialised using underlying interface: PhysX
[2025.11.29-20.35.33:938][  0]LogInit: Using OS detected language (ru-RU).
[2025.11.29-20.35.33:938][  0]LogInit: Using OS detected locale (ru-RU).
[2025.11.29-20.35.33:953][  0]LogTextLocalizationManager: No specific localization for 'ru-RU' exists, so the 'ru' localization will be used.
[2025.11.29-20.35.33:954][  0]LogTextLocalizationResource: LocRes '../../../Engine/Content/Localization/Editor/ru/Editor.locres' could not be opened for reading!
[2025.11.29-20.35.33:954][  0]LogTextLocalizationResource: LocRes '../../../Engine/Content/Localization/EditorTutorials/ru/EditorTutorials.locres' could not be opened for reading!
[2025.11.29-20.35.33:955][  0]LogTextLocalizationResource: LocRes '../../../Engine/Content/Localization/Keywords/ru/Keywords.locres' could not be opened for reading!
[2025.11.29-20.35.33:955][  0]LogTextLocalizationResource: LocRes '../../../Engine/Content/Localization/Category/ru/Category.locres' could not be opened for reading!
[2025.11.29-20.35.33:955][  0]LogTextLocalizationResource: LocRes '../../../Engine/Content/Localization/ToolTips/ru/ToolTips.locres' could not be opened for reading!
[2025.11.29-20.35.33:955][  0]LogTextLocalizationResource: LocRes '../../../Engine/Content/Localization/PropertyNames/ru/PropertyNames.locres' could not be opened for reading!
[2025.11.29-20.35.33:955][  0]LogTextLocalizationResource: LocRes '../../../Engine/Content/Localization/Engine/ru/Engine.locres' could not be opened for reading!
[2025.11.29-20.35.33:972][  0]LogWindowsTextInputMethodSystem: Display: IME system deactivated.
[2025.11.29-20.35.33:996][  0]LogSlate: New Slate User Created.  User Index 0, Is Virtual User: 0
[2025.11.29-20.35.33:996][  0]LogSlate: Slate User Registered.  User Index 0, Is Virtual User: 0
[2025.11.29-20.35.34:009][  0]LogD3D11RHI: Loaded GFSDK_Aftermath_Lib.x64.dll
[2025.11.29-20.35.34:022][  0]LogHMD: Failed to initialize OpenVR with code 110
[2025.11.29-20.35.34:022][  0]LogD3D11RHI: D3D11 min allowed feature level: 11_0
[2025.11.29-20.35.34:022][  0]LogD3D11RHI: D3D11 max allowed feature level: 11_0
[2025.11.29-20.35.34:022][  0]LogD3D11RHI: D3D11 adapters:
[2025.11.29-20.35.34:293][  0]LogD3D11RHI:    0. 'NVIDIA GeForce GTX 1650 Ti' (Feature Level 11_0)
[2025.11.29-20.35.34:293][  0]LogD3D11RHI:       3935/0/4029 MB DedicatedVideo/DedicatedSystem/SharedSystem, Outputs:1, VendorId:0x10de
[2025.11.29-20.35.34:336][  0]LogD3D11RHI:    1. 'Intel(R) UHD Graphics' (Feature Level 11_0)
[2025.11.29-20.35.34:336][  0]LogD3D11RHI:       128/0/4029 MB DedicatedVideo/DedicatedSystem/SharedSystem, Outputs:0, VendorId:0x8086
[2025.11.29-20.35.34:340][  0]LogD3D11RHI:    2. 'Microsoft Basic Render Driver' (Feature Level 11_0)
[2025.11.29-20.35.34:340][  0]LogD3D11RHI:       0/0/4029 MB DedicatedVideo/DedicatedSystem/SharedSystem, Outputs:0, VendorId:0x1414
[2025.11.29-20.35.34:340][  0]LogD3D11RHI: Chosen D3D11 Adapter:
[2025.11.29-20.35.34:340][  0]LogD3D11RHI:     Description : NVIDIA GeForce GTX 1650 Ti
[2025.11.29-20.35.34:340][  0]LogD3D11RHI:     VendorId    : 10de
[2025.11.29-20.35.34:340][  0]LogD3D11RHI:     DeviceId    : 1f95
[2025.11.29-20.35.34:340][  0]LogD3D11RHI:     SubSysId    : 3fa317aa
[2025.11.29-20.35.34:340][  0]LogD3D11RHI:     Revision    : 00a1
[2025.11.29-20.35.34:340][  0]LogD3D11RHI:     DedicatedVideoMemory : 4126146560 bytes
[2025.11.29-20.35.34:340][  0]LogD3D11RHI:     DedicatedSystemMemory : 0 bytes
[2025.11.29-20.35.34:340][  0]LogD3D11RHI:     SharedSystemMemory : 4225654784 bytes
[2025.11.29-20.35.34:340][  0]LogD3D11RHI:     AdapterLuid : 0 74247
[2025.11.29-20.35.34:344][  0]LogD3D11RHI: Creating new Direct3DDevice
[2025.11.29-20.35.34:344][  0]LogD3D11RHI:     GPU DeviceId: 0x1f95 (for the marketing name, search the web for "GPU Device Id")
[2025.11.29-20.35.34:344][  0]LogWindows: EnumDisplayDevices:
[2025.11.29-20.35.34:344][  0]LogWindows:    0. 'Intel(R) UHD Graphics' (P:1 D:1)
[2025.11.29-20.35.34:344][  0]LogWindows:    1. 'Intel(R) UHD Graphics' (P:0 D:0)
[2025.11.29-20.35.34:345][  0]LogWindows:    2. 'Intel(R) UHD Graphics' (P:0 D:0)
[2025.11.29-20.35.34:345][  0]LogWindows:    3. 'NVIDIA GeForce GTX 1650 Ti' (P:0 D:0)
[2025.11.29-20.35.34:345][  0]LogWindows: DebugString: PrimaryIsNotTheChoosenAdapter PrimaryIsNotTheChoosenAdapter PrimaryIsNotTheChoosenAdapter 
[2025.11.29-20.35.34:345][  0]LogD3D11RHI:     Adapter Name: NVIDIA GeForce GTX 1650 Ti
[2025.11.29-20.35.34:345][  0]LogD3D11RHI:   Driver Version: 560.76 (internal:32.0.15.6076, unified:560.76)
[2025.11.29-20.35.34:345][  0]LogD3D11RHI:      Driver Date: 7-23-2024
[2025.11.29-20.35.34:345][  0]LogRHI: Texture pool is 2754 MB (70% of 3935 MB)
[2025.11.29-20.35.34:345][  0]LogD3D11RHI: Creating D3DDevice using adapter:
[2025.11.29-20.35.34:345][  0]LogD3D11RHI:     Description : NVIDIA GeForce GTX 1650 Ti
[2025.11.29-20.35.34:345][  0]LogD3D11RHI:     VendorId    : 10de
[2025.11.29-20.35.34:345][  0]LogD3D11RHI:     DeviceId    : 1f95
[2025.11.29-20.35.34:345][  0]LogD3D11RHI:     SubSysId    : 3fa317aa
[2025.11.29-20.35.34:345][  0]LogD3D11RHI:     Revision    : 00a1
[2025.11.29-20.35.34:345][  0]LogD3D11RHI:     DedicatedVideoMemory : 4126146560 bytes
[2025.11.29-20.35.34:345][  0]LogD3D11RHI:     DedicatedSystemMemory : 0 bytes
[2025.11.29-20.35.34:345][  0]LogD3D11RHI:     SharedSystemMemory : 4225654784 bytes
[2025.11.29-20.35.34:345][  0]LogD3D11RHI:     AdapterLuid : 0 74247
[2025.11.29-20.35.34:456][  0]LogD3D11RHI: RHI has support for 64 bit atomics
[2025.11.29-20.35.34:457][  0]LogD3D11RHI: Async texture creation enabled
[2025.11.29-20.35.34:457][  0]LogD3D11RHI: Array index from any shader is supported
[2025.11.29-20.35.34:477][  0]LogD3D11RHI: GPU Timing Frequency: 1000.000000 (Debug: 2 1)
[2025.11.29-20.35.34:517][  0]LogRHI: GeForceNow SDK initialized: 1
[2025.11.29-20.35.37:250][  0]LogTargetPlatformManager: Display: Loaded TargetPlatform 'WindowsNoEditor'
[2025.11.29-20.35.37:255][  0]LogTargetPlatformManager: Display: Loaded TargetPlatform 'Windows'
[2025.11.29-20.35.37:259][  0]LogTargetPlatformManager: Display: Loaded TargetPlatform 'WindowsClient'
[2025.11.29-20.35.37:263][  0]LogTargetPlatformManager: Display: Loaded TargetPlatform 'WindowsServer'
[2025.11.29-20.35.37:263][  0]LogTargetPlatformManager: Display: Building Assets For Windows
[2025.11.29-20.35.37:274][  0]LogAudioDebug: Display: Lib vorbis DLL was dynamically loaded.
[2025.11.29-20.35.37:331][  0]LogTextureFormatOodle: Display: Oodle Texture 2.9.0 init RDO Off
[2025.11.29-20.35.37:399][  0]LogRendererCore: Ray tracing is disabled. Reason: r.RayTracing=0.
[2025.11.29-20.35.37:399][  0]LogShaderCompilers: Guid format shader working directory is 14 characters bigger than the processId version (../../../../Project/Mini_laboratory/Intermediate/Shaders/WorkingDirectory/10048/).
[2025.11.29-20.35.37:399][  0]LogShaderCompilers: Cleaned the shader compiler working directory 'C:/Users/Владислав/AppData/Local/Temp/UnrealShaderWorkingDir/AC1ADCB04A2E4679BD19EEB7F82AA12D/'.
[2025.11.29-20.35.37:400][  0]LogXGEController: Cannot use XGE Controller as Incredibuild is not installed on this machine.
[2025.11.29-20.35.37:400][  0]LogShaderCompilers: Cannot use XGE Shader Compiler as Incredibuild is not installed on this machine.
[2025.11.29-20.35.37:400][  0]LogShaderCompilers: Display: Using Local Shader Compiler.
[2025.11.29-20.35.38:203][  0]LogDerivedDataCache: Display: Max Cache Size: 512 MB
[2025.11.29-20.35.38:330][  0]LogDerivedDataCache: Loaded boot cache 0.13s 94MB C:/Users/Владислав/AppData/Local/UnrealEngine/4.27/DerivedDataCache/Boot.ddc.
[2025.11.29-20.35.38:330][  0]LogDerivedDataCache: Display: Loaded Boot cache: C:/Users/Владислав/AppData/Local/UnrealEngine/4.27/DerivedDataCache/Boot.ddc
[2025.11.29-20.35.38:330][  0]LogDerivedDataCache: FDerivedDataBackendGraph:  Pak pak cache file ../../../../Project/Mini_laboratory/DerivedDataCache/DDC.ddp not found, will not use a pak cache.
[2025.11.29-20.35.38:330][  0]LogDerivedDataCache: Unable to find inner node Pak for hierarchical cache Hierarchy.
[2025.11.29-20.35.38:330][  0]LogDerivedDataCache: FDerivedDataBackendGraph:  CompressedPak pak cache file ../../../../Project/Mini_laboratory/DerivedDataCache/Compressed.ddp not found, will not use a pak cache.
[2025.11.29-20.35.38:330][  0]LogDerivedDataCache: Unable to find inner node CompressedPak for hierarchical cache Hierarchy.
[2025.11.29-20.35.38:349][  0]LogDerivedDataCache: Display: Pak cache opened for reading ../../../Engine/DerivedDataCache/Compressed.ddp.
[2025.11.29-20.35.38:350][  0]LogDerivedDataCache: FDerivedDataBackendGraph:  EnterprisePak pak cache file ../../../Enterprise/DerivedDataCache/Compressed.ddp not found, will not use a pak cache.
[2025.11.29-20.35.38:350][  0]LogDerivedDataCache: Unable to find inner node EnterprisePak for hierarchical cache Hierarchy.
[2025.11.29-20.35.38:367][  0]LogDerivedDataCache: Speed tests for C:/Users/Владислав/AppData/Local/UnrealEngine/Common/DerivedDataCache took 0.02 seconds
[2025.11.29-20.35.38:367][  0]LogDerivedDataCache: Display: Performance to C:/Users/Владислав/AppData/Local/UnrealEngine/Common/DerivedDataCache: Latency=0.26ms. RandomReadSpeed=88.19MBs, RandomWriteSpeed=230.34MBs. Assigned SpeedClass 'Local'
[2025.11.29-20.35.38:368][  0]LogDerivedDataCache: Using Local data cache path C:/Users/Владислав/AppData/Local/UnrealEngine/Common/DerivedDataCache: Writable
[2025.11.29-20.35.38:368][  0]LogDerivedDataCache: Shared data cache path not found in *engine.ini, will not use an Shared cache.
[2025.11.29-20.35.38:368][  0]LogDerivedDataCache: Unable to find inner node Shared for hierarchical cache Hierarchy.
[2025.11.29-20.35.38:403][  0]LogSlate: Using FreeType 2.10.0
[2025.11.29-20.35.38:405][  0]LogSlate: SlateFontServices - WITH_FREETYPE: 1, WITH_HARFBUZZ: 1
[2025.11.29-20.35.38:515][  0]LogInit: Using OS detected language (ru-RU).
[2025.11.29-20.35.38:515][  0]LogInit: Using OS detected locale (ru-RU).
[2025.11.29-20.35.38:515][  0]LogTextLocalizationManager: No localization for 'ru-RU' exists, so 'en' will be used for the language.
[2025.11.29-20.35.38:515][  0]LogTextLocalizationManager: No localization for 'ru-RU' exists, so 'en' will be used for the locale.
[2025.11.29-20.35.38:515][  0]LogSlate: FontCache flush requested. Reason: Culture for localization was changed
[2025.11.29-20.35.38:515][  0]LogSlate: FontCache flush requested. Reason: Culture for localization was changed
[2025.11.29-20.35.38:519][  0]LogAssetRegistry: FAssetRegistry took 0.0016 seconds to start up
[2025.11.29-20.35.38:910][  0]LogTextLocalizationManager: Compacting localization data took   0.01ms
[2025.11.29-20.35.38:910][  0]LogPackageLocalizationCache: Processed 27 localized package path(s) for 1 prioritized culture(s) in 0.001331 seconds
[2025.11.29-20.35.38:968][  0]LogInit: Selected Device Profile: [Windows]
[2025.11.29-20.35.38:968][  0]LogInit: Active device profile: [000002205D779F00][000002205BC80680 49] Windows
[2025.11.29-20.35.38:968][  0]LogInit: Profiles: [000002205D779F00][000002205BC80680 49] Windows, [000002205D731D00][000002205BC88800 49] WindowsNoEditor, [000002205D77A100][000002205D0EA980 49] WindowsServer, [000002205D732200][000002205D0EEB00 49] WindowsClient, [000002205D77A700][000002205D0F2C80 49] IOS, [000002205D732800][000002205D0F6E00 49] iPadAir, [000002205D77AC00][000002205D0FAF80 49] iPadAir2, [000002205D6DE200][000002205D103240 49] IPadPro, [000002205D6DE300][000002205D0FF280 49] iPadAir3, [000002205D779600][000002205BC853C0 49] iPadAir4, [000002205D6DFE00][000002205D107500 49] iPadMini2, [000002205D77BA00][000002205D10B640 49] iPadMini3, [000002205D6DD200][000002205D1137C0 49] iPadMini4, [000002205D778A00][000002205D117940 49] iPadMini5, [000002205D6ED500][000002205D11FC00 49] iPhone6, [000002205D6ED600][000002205D11A0C0 49] iPodTouch6, [000002205D732E00][000002205D126380 49] iPhone7, [000002205D732F00][000002205D1223C0 49] iPodTouch7, [000002205D6EF200][000002205D12A540 49] iPhone5S, [000002205D730500][000002205D12E6C0 49] iPhone6Plus, [000002205D6ECD00][000002205D132840 49] iPhone6S, [000002205D731B00][000002205D1369C0 49] iPhone6SPlus, [000002205D6EED00][000002205D13AB40 49] iPhone7Plus, [000002205D731000][000002205D13ECC0 49] iPhoneSE, [000002205D6EF700][000002205D142E40 49] iPhone8, [000002205D732000][000002205D146FC0 49] iPhone8Plus, [000002205D6EE600][000002205D14B140 49] iPhoneX, [000002205D730400][000002205D14F2C0 49] iPhoneXS, [000002205D6EF600][000002205D153440 49] iPhoneXSMax, [000002205D732100][000002205D10F580 49] iPhoneXR, [000002205D6EFA00][000002205D1576C0 49] iPhone11, [000002205D730900][000002205D15B800 49] iPhone11Pro, [000002205D6EDA00][000002205D15F940 49] iPhone11ProMax, [000002205D733F00][000002205D167AC0 49] iPhoneSE2, [000002205D6EEC00][000002205D16A0C0 49] iPhone12Mini, [000002205D730200][000002205E180240 49] iPhone12, [000002205D6EF800][000002205E1843C0 49] iPhone12Pro, [000002205D730800][000002205E188540 49] iPhone12ProMax, [000002205D6EC100][000002205E18C6C0 49] iPadPro105, [000002205D731400][000002205E190840 49] iPadPro129, [000002205D6EEF00][000002205E1949C0 49] iPadPro97, [000002205D733200][000002205E198B40 49] iPadPro2_129, [000002205D6DE500][000002205E19CCC0 49] iPad5, [000002205D7BC200][000002205E1A0E40 49] iPad6, [000002205D6DC400][000002205E1A4FC0 49] iPad7, [000002205D732600][000002205E1A9140 49] iPad8, [000002205D6DF900][000002205E1AD2C0 49] iPadPro11, [000002205D731F00][000002205E1B1440 49] iPadPro2_11, [000002205D6DF300][000002205E1B55C0 49] iPadPro3_129, [000002205D731800][000002205D163700 49] iPadPro4_129, [000002205D6DC600][000002205E1B9840 49] AppleTV, [000002205D733800][000002205E1BD980 49] AppleTV4K, [000002205D6DEA00][000002205E1C1AC0 49] TVOS, [000002205D733C00][000002205E1C80C0 49] Mac, [000002205D6DF100][000002205E1CC240 49] MacClient, [000002205D733400][000002205E1D03C0 49] MacNoEditor, [000002205D6DDD00][000002205E1D4540 49] MacServer, [000002205D733500][000002205E1D86C0 49] Linux, [000002205D6DCA00][000002205E1DC840 49] LinuxAArch64, [000002205D732B00][000002205E1E09C0 49] LinuxNoEditor, [000002205D6DCC00][000002205E1E4B40 49] LinuxAArch64NoEditor, [000002205D731E00][000002205E1E8CC0 49] LinuxClient, [000002205D6DE800][000002205E1ECE40 49] LinuxAArch64Client, [000002205D733D00][000002205E1F0FC0 49] LinuxServer, [000002205D6DFF00][000002205E1F5140 49] LinuxAArch64Server, [000002205D731500][000002205E1F92C0 49] Android, [000002205D6DD400][000002205E1FD440 49] Android_Low, [000002205D732300][000002205E2015C0 49] Android_Mid, [000002205D6DF400][000002205E205740 49] Android_High, [000002205D733600][000002205E2098C0 49] Android_Default, [000002205D6DD300][000002205E1C5A00 49] Android_Adreno4xx, [000002205D733700][000002205E20DB40 49] Android_Adreno5xx_Low, [000002205D6DEF00][000002205E210100 49] Android_Adreno5xx, [000002205D733300][000002205E218280 49] Android_Adreno6xx, [000002205D6DC700][000002205E21C400 49] Android_Adreno6xx_Vulkan, [000002205D730600][000002205E220580 49] Android_Mali_T6xx, [000002205D6DDB00][000002205E224700 49] Android_Mali_T7xx, [000002205D732C00][000002205E228880 49] Android_Mali_T8xx, [000002205D6DD900][000002205E22CA00 49] Android_Mali_G71, [000002205D733000][000002205E230B80 49] Android_Mali_G72, [000002205D778400][000002205E234D00 49] Android_Mali_G72_Vulkan, [000002205D6ECB00][000002205E238E80 49] Android_Mali_G76, [000002205D77BC00][000002205E23D000 49] Android_Mali_G76_Vulkan, [000002205D6EFD00][000002205E241180 49] Android_Mali_G77, [000002205D778800][000002205E245300 49] Android_Mali_G77_Vulkan, [000002205D6ED000][000002205E249480 49] Android_Mali_G78, [000002205D778300][000002205E24D600 49] Android_Mali_G78_Vulkan, [000002205D6ED800][000002205E251780 49] Android_Mali_G710, [000002205D778100][000002205E255900 49] Android_Mali_G710_Vulkan, [000002205D6EC800][000002205E259A80 49] Android_Vulkan_SM5, [000002205D778600][000002205E215BC0 49] Android_PowerVR_G6xxx, [000002205D6EEA00][000002205E25C180 49] Android_PowerVR_GT7xxx, [000002205D779C00][000002205E2602C0 49] Android_PowerVR_GE8xxx, [000002205D6EE100][000002205E268440 49] Android_PowerVR_GM9xxx, [000002205D77A900][000002205E26C5C0 49] Android_PowerVR_GM9xxx_Vulkan, [000002205D6EDC00][000002205E270740 49] Android_TegraK1, [000002205D77A300][000002205E2748C0 49] Android_Unknown_Vulkan, [000002205D6EE900][000002205E278A40 49] Lumin, [000002205D77AB00][000002205E27CBC0 49] Lumin_Desktop, [000002205D6ED200][000002205E280D40 49] HoloLens, 
[2025.11.29-20.35.39:065][  0]LogMeshReduction: Using QuadricMeshReduction for automatic static mesh reduction
[2025.11.29-20.35.39:065][  0]LogMeshReduction: Using SimplygonMeshReduction for automatic skeletal mesh reduction
[2025.11.29-20.35.39:065][  0]LogMeshReduction: Using ProxyLODMeshReduction for automatic mesh merging
[2025.11.29-20.35.39:065][  0]LogMeshReduction: No distributed automatic mesh merging module available
[2025.11.29-20.35.39:065][  0]LogMeshMerging: No distributed automatic mesh merging module available
[2025.11.29-20.35.39:171][  0]LogNetVersion: Mini_laboratory 1.0.0, NetCL: 17155196, EngineNetVer: 17, GameNetVer: 0 (Checksum: 65826005)
[2025.11.29-20.35.39:549][  0]LogTexture: Default maximum texture size for cubemaps generated from long-lat sources has been changed from 512 to unlimited. In order to preserve old behaiour for '/Engine/MapTemplates/Sky/DaylightAmbientCubemap.DaylightAmbientCubemap', its maximum texture size has been explicitly set to 512.
[2025.11.29-20.35.39:637][  0]LogHMD: PokeAHoleMaterial loaded successfully
[2025.11.29-20.35.39:845][  0]LogMoviePlayer: Initializing movie player
[2025.11.29-20.35.40:013][  0]LogNiagaraDebuggerClient: Niagara Debugger Client Initialized | Session: 00343E24472BBE12AC247085D5EE50A4 | Instance: 32469C36413E9574AD29CF8058963045 (LAPTOP-RE3L13LG-10048).
[2025.11.29-20.35.40:066][  0]LogCollectionManager: Loaded 0 collections in 0.000710 seconds
[2025.11.29-20.35.40:069][  0]LogFileCache: Scanning file cache for directory 'D:/Progams on PC/Unreal/Project/Mini_laboratory/Saved/Collections/' took 0.00s
[2025.11.29-20.35.40:069][  0]LogFileCache: Scanning file cache for directory 'D:/Progams on PC/Unreal/Project/Mini_laboratory/Content/Developers/Vladislav/Collections/' took 0.00s
[2025.11.29-20.35.40:069][  0]LogFileCache: Scanning file cache for directory 'D:/Progams on PC/Unreal/Project/Mini_laboratory/Content/Collections/' took 0.00s
[2025.11.29-20.35.40:069][  0]LogCollectionManager: Fixed up redirectors for 0 collections in 0.000003 seconds (updated 0 objects)
[2025.11.29-20.35.40:243][  0]LogTcpMessaging: Initializing TcpMessaging bridge
[2025.11.29-20.35.40:248][  0]LogUdpMessaging: Initializing bridge on interface 0.0.0.0:0 to multicast group 230.0.0.1:6666.
[2025.11.29-20.35.40:271][  0]LogPython: Using Python 3.7.7
[2025.11.29-20.35.40:878][  0]SourceControl: Source control is disabled
[2025.11.29-20.35.40:879][  0]SourceControl: Source control is disabled
[2025.11.29-20.35.40:883][  0]SourceControl: Source control is disabled
[2025.11.29-20.35.40:888][  0]LogUProjectInfo: Found projects:
[2025.11.29-20.35.41:090][  0]LogOpenImageDenoise: OIDN starting up
[2025.11.29-20.35.41:105][  0]LogAndroidPermission: UAndroidPermissionCallbackProxy::GetInstance
[2025.11.29-20.35.41:132][  0]LogAudioCaptureCore: Display: No Audio Capture implementations found. Audio input will be silent.
[2025.11.29-20.35.41:132][  0]LogAudioCaptureCore: Display: No Audio Capture implementations found. Audio input will be silent.
[2025.11.29-20.35.41:243][  0]LogOcInput: OculusInput pre-init called
[2025.11.29-20.35.41:252][  0]LogUObjectArray: 22121 objects as part of root set at end of initial load.
[2025.11.29-20.35.41:252][  0]LogUObjectAllocator: 5975632 out of 0 bytes used by permanent object pool.
[2025.11.29-20.35.41:252][  0]LogUObjectArray: CloseDisregardForGC: 0/0 objects in disregard for GC pool
[2025.11.29-20.35.41:366][  0]LogEngine: Initializing Engine...
[2025.11.29-20.35.41:377][  0]LogHMD: Failed to enumerate extensions. Please check that you have a valid OpenXR runtime installed.
[2025.11.29-20.35.41:377][  0]LogHMD: Failed to initialize OpenVR with code 110
[2025.11.29-20.35.41:377][  0]LogMagicLeap: Warning: VR disabled because ZI is not enabled.  To enable, in the editor, Edit -> Project Settings -> Plugins -> Magic Leap Plugin -> Enable Zero Iteration
[2025.11.29-20.35.41:381][  0]LogStats: UGameplayTagsManager::InitializeManager -  0.001 s
[2025.11.29-20.35.41:503][  0]LogInit: Initializing FReadOnlyCVARCache
[2025.11.29-20.35.41:503][  0]LogAudio: Display: Initializing Audio Device Manager...
[2025.11.29-20.35.41:507][  0]LogAudio: Display: Loading Default Audio Settings Objects...
[2025.11.29-20.35.41:507][  0]LogAudio: Display: No default SoundConcurrencyObject specified (or failed to load).
[2025.11.29-20.35.41:509][  0]LogAudio: Display: Audio Device Manager Initialized
[2025.11.29-20.35.41:509][  0]LogAudio: Display: Creating Audio Device:                 Id: 1, Scope: Shared, Realtime: True
[2025.11.29-20.35.41:509][  0]LogAudioMixer: Display: Audio Mixer Platform Settings:
[2025.11.29-20.35.41:509][  0]LogAudioMixer: Display: 	Sample Rate:						  48000
[2025.11.29-20.35.41:509][  0]LogAudioMixer: Display: 	Callback Buffer Frame Size Requested: 1024
[2025.11.29-20.35.41:509][  0]LogAudioMixer: Display: 	Callback Buffer Frame Size To Use:	  1024
[2025.11.29-20.35.41:509][  0]LogAudioMixer: Display: 	Number of buffers to queue:			  2
[2025.11.29-20.35.41:509][  0]LogAudioMixer: Display: 	Max Channels (voices):				  32
[2025.11.29-20.35.41:509][  0]LogAudioMixer: Display: 	Number of Async Source Workers:		  0
[2025.11.29-20.35.41:509][  0]LogAudio: Display: AudioDevice MaxSources: 32
[2025.11.29-20.35.41:510][  0]LogAudio: Display: Audio Spatialization Plugin: None (built-in).
[2025.11.29-20.35.41:510][  0]LogAudio: Display: Audio Reverb Plugin: None (built-in).
[2025.11.29-20.35.41:510][  0]LogAudio: Display: Audio Occlusion Plugin: None (built-in).
[2025.11.29-20.35.41:510][  0]LogAudioMixer: Display: Initializing audio mixer.
[2025.11.29-20.35.41:536][  0]LogAudioMixer: Display: 0: FrontLeft
[2025.11.29-20.35.41:536][  0]LogAudioMixer: Display: 1: FrontRight
[2025.11.29-20.35.41:547][  0]LogAudioMixer: Display: Using Audio Device Наушники (soundcore K20i Stereo)
[2025.11.29-20.35.41:553][  0]LogAudioMixer: Display: Initializing Sound Submixes...
[2025.11.29-20.35.41:556][  0]LogAudioMixer: Display: Creating Master Submix 'MasterSubmixDefault'
[2025.11.29-20.35.41:556][  0]LogAudioMixer: Display: Creating Master Submix 'MasterReverbSubmixDefault'
[2025.11.29-20.35.41:557][  0]LogAudioMixer: Display: Creating Master Submix 'MasterEQSubmixDefault'
[2025.11.29-20.35.41:558][  0]LogAudioMixer: FMixerPlatformXAudio2::StartAudioStream() called
[2025.11.29-20.35.41:558][  0]LogAudioMixer: Display: Output buffers initialized: Frames=1024, Channels=2, Samples=2048
[2025.11.29-20.35.41:558][  0]LogAudioMixer: Display: Starting AudioMixerPlatformInterface::RunInternal()
[2025.11.29-20.35.41:558][  0]LogAudioMixer: Display: FMixerPlatformXAudio2::SubmitBuffer() called for the first time
[2025.11.29-20.35.41:558][  0]LogInit: FAudioDevice initialized.
[2025.11.29-20.35.41:560][  0]LogNetVersion: Set ProjectVersion to 1.0.0.0. Version Checksum will be recalculated on next use.
[2025.11.29-20.35.41:564][  0]LogInit: Texture streaming: Enabled
[2025.11.29-20.35.41:684][  0]LogUObjectGlobals: Warning: Failed to load '/Game/Workplace/Blueprints/GI_GobalVariables': Can't find file.
[2025.11.29-20.35.41:684][  0]LogUObjectGlobals: Warning: Failed to load '/Game/Workplace/Blueprints/GI_GobalVariables': Can't find file.
[2025.11.29-20.35.41:685][  0]LogUObjectGlobals: Warning: Failed to find object 'Class /Game/Workplace/Blueprints/GI_GobalVariables.GI_GobalVariables_C'
[2025.11.29-20.35.41:685][  0]LogEngine: Error: Unable to load GameInstance Class '/Game/Workplace/Blueprints/GI_GobalVariables.GI_GobalVariables_C'. Falling back to generic UGameInstance.
[2025.11.29-20.35.41:689][  0]LogAudio: Display: Audio Device (ID: 1) registered with world 'Untitled'.
[2025.11.29-20.35.41:690][  0]LogSlate: Updating window title bar state: overlay mode, drag disabled, window buttons hidden, title bar hidden
[2025.11.29-20.35.41:691][  0]LogInit: Display: Game Engine Initialized.
[2025.11.29-20.35.41:692][  0]LogNiagaraEditor: GEditor isn't valid! Particle reset commands will not work for Niagara components!
[2025.11.29-20.35.41:847][  0]LogInit: Display: Starting Game.
[2025.11.29-20.35.41:847][  0]LogNet: Browse: /Game/Workplace/Maps/FirstLevel?Name=Player
[2025.11.29-20.35.41:847][  0]LogLoad: LoadMap: /Game/Workplace/Maps/FirstLevel?Name=Player
[2025.11.29-20.35.41:847][  0]LogWorld: BeginTearingDown for /Temp/Untitled_0
[2025.11.29-20.35.41:849][  0]LogWorld: UWorld::CleanupWorld for Untitled, bSessionEnded=true, bCleanupResources=true
[2025.11.29-20.35.41:849][  0]LogSlate: InvalidateAllWidgets triggered.  All widgets were invalidated
[2025.11.29-20.35.41:854][  0]LogAudio: Display: Audio Device unregistered from world 'None'.
[2025.11.29-20.35.41:856][  0]LogUObjectHash: Compacting FUObjectHashTables data took   0.71ms
[2025.11.29-20.35.41:930][  0]LogAudio: Display: Audio Device (ID: 1) registered with world 'FirstLevel'.
[2025.11.29-20.35.41:943][  0]LogAIModule: Creating AISystem for world FirstLevel
[2025.11.29-20.35.41:957][  0]LogLoad: Game class is 'BP_GameMode_C'
[2025.11.29-20.35.41:960][  0]LogWorld: Bringing World /Game/Workplace/Maps/FirstLevel.FirstLevel up for play (max tick rate 0) at 2025.11.29-23.35.41
[2025.11.29-20.35.41:961][  0]LogWorld: Bringing up level for play took: 0.001665
[2025.11.29-20.35.41:967][  0]LogSpawn: Warning: SpawnActor failed because no class was specified
[2025.11.29-20.35.41:974][  0]LogLoad: Took 0.126834 seconds to LoadMap(/Game/Workplace/Maps/FirstLevel)
[2025.11.29-20.35.41:996][  0]LogRenderer: Reallocating scene render targets to support 1168x672 Format 10 NumSamples 1 (Frame:1).
[2025.11.29-20.35.41:996][  0]LogSlate: Took 0.000725 seconds to synchronously load lazily loaded font '../../../Engine/Content/Slate/Fonts/Roboto-Regular.ttf' (155K)
[2025.11.29-20.35.42:022][  0]LogInit: Display: Engine is initialized. Leaving FEngineLoop::Init()
[2025.11.29-20.35.42:022][  0]LogLoad: (Engine Initialization) Total time: 10.41 seconds
[2025.11.29-20.35.42:022][  0]LogLoad: (Engine Initialization) Total Blueprint compile time: 0.00 seconds
[2025.11.29-20.35.42:043][  0]LogContentStreaming: Texture pool size now 1000 MB
[2025.11.29-20.35.42:046][  0]LogSlate: InvalidateAllWidgets triggered.  All widgets were invalidated
[2025.11.29-20.35.42:264][  1]LogSlate: Took 0.000169 seconds to synchronously load lazily loaded font '../../../Engine/Content/Slate/Fonts/Roboto-Regular.ttf' (155K)
[2025.11.29-20.35.51:457][555]LogSlate: Window 'Mini_laboratory (64-bit Development PCD3D_SM5) ' being destroyed
[2025.11.29-20.35.51:458][555]LogWindowsTextInputMethodSystem: Display: IME system deactivated.
[2025.11.29-20.35.51:460][555]LogSlate: Updating window title bar state: overlay mode, drag disabled, window buttons hidden, title bar hidden
[2025.11.29-20.35.51:460][555]LogEngine: All Windows Closed
[2025.11.29-20.35.51:460][555]LogWindows: FPlatformMisc::RequestExit(0)
[2025.11.29-20.35.51:460][555]LogWindows: FPlatformMisc::RequestExitWithStatus(0, 0)
[2025.11.29-20.35.51:460][555]LogCore: Engine exit requested (reason: Win RequestExit)
[2025.11.29-20.35.51:460][556]LogCore: Engine exit requested (reason: EngineExit() was called; note: exit was already requested)
[2025.11.29-20.35.51:460][556]LogInit: Display: PreExit Game.
[2025.11.29-20.35.51:460][556]LogWorld: BeginTearingDown for /Game/Workplace/Maps/FirstLevel
[2025.11.29-20.35.51:460][556]LogWorld: UWorld::CleanupWorld for FirstLevel, bSessionEnded=true, bCleanupResources=true
[2025.11.29-20.35.51:461][556]LogSlate: InvalidateAllWidgets triggered.  All widgets were invalidated
[2025.11.29-20.35.52:390][556]LogAudio: Display: Beginning Audio Device Manager Shutdown (Module: AudioMixerXAudio2)...
[2025.11.29-20.35.52:390][556]LogAudio: Display: Destroying 1 Remaining Audio Device(s)...
[2025.11.29-20.35.52:390][556]LogAudio: Display: Audio Device unregistered from world 'FirstLevel'.
[2025.11.29-20.35.52:429][556]LogAudioMixer: FMixerPlatformXAudio2::StopAudioStream() called
[2025.11.29-20.35.52:430][556]LogAudioMixer: FMixerPlatformXAudio2::StopAudioStream() called
[2025.11.29-20.35.52:432][556]LogAudio: Display: Audio Device Manager Shutdown
[2025.11.29-20.35.52:435][556]LogExit: Preparing to exit.
[2025.11.29-20.35.52:441][556]LogSlate: Updating window title bar state: overlay mode, drag disabled, window buttons hidden, title bar hidden
[2025.11.29-20.35.52:443][556]LogUObjectHash: Compacting FUObjectHashTables data took   0.71ms
[2025.11.29-20.35.53:259][556]LogMoviePlayer: Shutting down movie player
[2025.11.29-20.35.53:497][556]LogDemo: Cleaned up 0 splitscreen connections with owner deletion
[2025.11.29-20.35.53:502][556]LogExit: Game engine shut down
[2025.11.29-20.35.53:619][556]LogExit: Object subsystem successfully closed.
[2025.11.29-20.35.53:629][556]LogShaderCompilers: Display: === FShaderJobCache stats ===
[2025.11.29-20.35.53:629][556]LogShaderCompilers: Display: Total job queries 0, among them cache hits 0 (0.00%)
[2025.11.29-20.35.53:629][556]LogShaderCompilers: Display: Tracking 0 distinct input hashes that result in 0 distinct outputs (0.00%)
[2025.11.29-20.35.53:629][556]LogShaderCompilers: Display: RAM used: 0.00 MB (0.00 GB) of 409.60 MB (0.40 GB) budget. Usage: 0.00%
[2025.11.29-20.35.53:629][556]LogShaderCompilers: Display: ================================================
[2025.11.29-20.35.53:654][556]LogShaderCompilers: Display: Shaders left to compile 0
[2025.11.29-20.35.53:703][556]LogModuleManager: Shutting down and abandoning module SequenceRecorderSections (558)
[2025.11.29-20.35.53:703][556]LogModuleManager: Shutting down and abandoning module SequenceRecorder (556)
[2025.11.29-20.35.53:703][556]LogModuleManager: Shutting down and abandoning module AutomationController (554)
[2025.11.29-20.35.53:704][556]LogModuleManager: Shutting down and abandoning module AutomationWorker (552)
[2025.11.29-20.35.53:704][556]LogModuleManager: Shutting down and abandoning module Voice (550)
[2025.11.29-20.35.53:705][556]LogModuleManager: Shutting down and abandoning module AIModule (548)
[2025.11.29-20.35.53:705][556]LogModuleManager: Shutting down and abandoning module GameplayDebugger (547)
[2025.11.29-20.35.53:705][556]LogModuleManager: Shutting down and abandoning module AITestSuite (545)
[2025.11.29-20.35.53:705][556]LogModuleManager: Shutting down and abandoning module NavigationSystem (543)
[2025.11.29-20.35.53:705][556]LogModuleManager: Shutting down and abandoning module SteamVREditor (540)
[2025.11.29-20.35.53:705][556]LogModuleManager: Shutting down and abandoning module ToolMenus (539)
[2025.11.29-20.35.53:705][556]LogModuleManager: Shutting down and abandoning module OculusMR (536)
[2025.11.29-20.35.53:705][556]LogModuleManager: Shutting down and abandoning module OpenXRInput (534)
[2025.11.29-20.35.53:705][556]LogModuleManager: Shutting down and abandoning module TakeRecorderSources (532)
[2025.11.29-20.35.53:707][556]LogModuleManager: Shutting down and abandoning module TakeRecorder (531)
[2025.11.29-20.35.53:708][556]LogModuleManager: Shutting down and abandoning module TakeTrackRecorders (528)
[2025.11.29-20.35.53:708][556]LogModuleManager: Shutting down and abandoning module TakesCore (526)
[2025.11.29-20.35.53:708][556]LogModuleManager: Shutting down and abandoning module PlanarCut (524)
[2025.11.29-20.35.53:708][556]LogModuleManager: Shutting down and abandoning module CharacterAI (522)
[2025.11.29-20.35.53:708][556]LogModuleManager: Shutting down and abandoning module WmfMediaFactory (520)
[2025.11.29-20.35.53:708][556]LogModuleManager: Shutting down and abandoning module WebMMediaFactory (518)
[2025.11.29-20.35.53:709][556]LogModuleManager: Shutting down and abandoning module WebMMedia (516)
[2025.11.29-20.35.53:709][556]LogModuleManager: Shutting down and abandoning module OpenExrWrapper (514)
[2025.11.29-20.35.53:709][556]LogModuleManager: Shutting down and abandoning module ImgMediaFactory (512)
[2025.11.29-20.35.53:709][556]LogModuleManager: Shutting down and abandoning module AvfMediaFactory (510)
[2025.11.29-20.35.53:709][556]LogModuleManager: Shutting down and abandoning module MagicLeapMediaCodecFactory (508)
[2025.11.29-20.35.53:709][556]LogModuleManager: Shutting down and abandoning module MagicLeapMediaFactory (506)
[2025.11.29-20.35.53:709][556]LogModuleManager: Shutting down and abandoning module SessionServices (504)
[2025.11.29-20.35.53:709][556]LogModuleManager: Shutting down and abandoning module MovieSceneCapture (502)
[2025.11.29-20.35.53:709][556]LogModuleManager: Shutting down and abandoning module LiveCoding (500)
[2025.11.29-20.35.53:710][556]LogModuleManager: Shutting down and abandoning module LevelSequence (498)
[2025.11.29-20.35.53:710][556]LogModuleManager: Shutting down and abandoning module MovieSceneTracks (496)
[2025.11.29-20.35.53:710][556]LogModuleManager: Shutting down and abandoning module MovieScene (494)
[2025.11.29-20.35.53:710][556]LogModuleManager: Shutting down and abandoning module StreamingPauseRendering (492)
[2025.11.29-20.35.53:711][556]LogModuleManager: Shutting down and abandoning module PortalServices (490)
[2025.11.29-20.35.53:711][556]LogModuleManager: Shutting down and abandoning module PortalRpc (488)
[2025.11.29-20.35.53:711][556]LogModuleManager: Shutting down and abandoning module MessagingRpc (486)
[2025.11.29-20.35.53:711][556]LogModuleManager: Shutting down and abandoning module AudioMixerXAudio2 (484)
[2025.11.29-20.35.53:711][556]LogModuleManager: Shutting down and abandoning module AudioMixerCore (483)
[2025.11.29-20.35.53:711][556]LogModuleManager: Shutting down and abandoning module ImageWriteQueue (480)
[2025.11.29-20.35.53:711][556]LogModuleManager: Shutting down and abandoning module ProfilerService (478)
[2025.11.29-20.35.53:792][556]LogModuleManager: Shutting down and abandoning module TaskGraph (476)
[2025.11.29-20.35.53:793][556]LogModuleManager: Shutting down and abandoning module OculusInput (474)
[2025.11.29-20.35.53:793][556]LogModuleManager: Shutting down and abandoning module Synthesis (472)
[2025.11.29-20.35.53:795][556]LogModuleManager: Shutting down and abandoning module ProceduralMeshComponent (470)
[2025.11.29-20.35.53:795][556]LogModuleManager: Shutting down and abandoning module MobilePatchingUtils (468)
[2025.11.29-20.35.53:795][556]LogModuleManager: Shutting down and abandoning module GooglePAD (466)
[2025.11.29-20.35.53:795][556]LogModuleManager: Shutting down and abandoning module EditableMesh (464)
[2025.11.29-20.35.53:795][556]LogModuleManager: Shutting down and abandoning module CustomMeshComponent (462)
[2025.11.29-20.35.53:795][556]LogModuleManager: Shutting down and abandoning module CableComponent (460)
[2025.11.29-20.35.53:795][556]LogModuleManager: Shutting down and abandoning module AudioCapture (458)
[2025.11.29-20.35.53:795][556]LogModuleManager: Shutting down and abandoning module AudioCaptureRtAudio (457)
[2025.11.29-20.35.53:795][556]LogModuleManager: Shutting down and abandoning module AssetTags (454)
[2025.11.29-20.35.53:795][556]LogModuleManager: Shutting down and abandoning module ArchVisCharacter (452)
[2025.11.29-20.35.53:795][556]LogModuleManager: Shutting down and abandoning module AppleImageUtilsBlueprintSupport (450)
[2025.11.29-20.35.53:795][556]LogModuleManager: Shutting down and abandoning module AppleImageUtils (448)
[2025.11.29-20.35.53:795][556]LogModuleManager: Shutting down and abandoning module AndroidPermission (446)
[2025.11.29-20.35.53:795][556]LogModuleManager: Shutting down and abandoning module ActorLayerUtilities (444)
[2025.11.29-20.35.53:795][556]LogModuleManager: Shutting down and abandoning module TakeMovieScene (442)
[2025.11.29-20.35.53:795][556]LogModuleManager: Shutting down and abandoning module MotoSynth (440)
[2025.11.29-20.35.53:795][556]LogModuleManager: Shutting down and abandoning module OpenImageDenoise (438)
[2025.11.29-20.35.53:796][556]LogOpenImageDenoise: OIDN shutting down
[2025.11.29-20.35.53:796][556]LogModuleManager: Shutting down and abandoning module MeshConversion (436)
[2025.11.29-20.35.53:796][556]LogModuleManager: Shutting down and abandoning module DynamicMesh (434)
[2025.11.29-20.35.53:796][556]LogModuleManager: Shutting down and abandoning module GeometryAlgorithms (432)
[2025.11.29-20.35.53:797][556]LogModuleManager: Shutting down and abandoning module GeometricObjects (430)
[2025.11.29-20.35.53:797][556]LogModuleManager: Shutting down and abandoning module TemplateSequence (428)
[2025.11.29-20.35.53:798][556]LogModuleManager: Shutting down and abandoning module GeometryCollectionTracks (426)
[2025.11.29-20.35.53:798][556]LogModuleManager: Shutting down and abandoning module GeometryCollectionSequencer (425)
[2025.11.29-20.35.53:798][556]LogModuleManager: Shutting down and abandoning module GeometryCacheTracks (422)
[2025.11.29-20.35.53:798][556]LogModuleManager: Shutting down and abandoning module GeometryCacheSequencer (421)
[2025.11.29-20.35.53:798][556]LogModuleManager: Shutting down and abandoning module GeometryCache (418)
[2025.11.29-20.35.53:798][556]LogModuleManager: Shutting down and abandoning module GeometryCacheEd (417)
[2025.11.29-20.35.53:798][556]LogModuleManager: Shutting down and abandoning module ChaosNiagara (414)
[2025.11.29-20.35.53:799][556]LogModuleManager: Shutting down and abandoning module FieldSystemEngine (413)
[2025.11.29-20.35.53:799][556]LogModuleManager: Shutting down and abandoning module BackChannel (410)
[2025.11.29-20.35.53:799][556]LogModuleManager: Shutting down and abandoning module AutomationUtils (408)
[2025.11.29-20.35.53:799][556]LogModuleManager: Shutting down and abandoning module ImgMedia (406)
[2025.11.29-20.35.53:799][556]LogModuleManager: Shutting down and abandoning module MediaCompositing (404)
[2025.11.29-20.35.53:799][556]LogModuleManager: Shutting down and abandoning module MagicLeapSharedWorld (402)
[2025.11.29-20.35.53:799][556]LogModuleManager: Shutting down and abandoning module MagicLeapLightEstimation (400)
[2025.11.29-20.35.53:799][556]LogModuleManager: Shutting down and abandoning module MagicLeapHelperVulkan (398)
[2025.11.29-20.35.53:799][556]LogModuleManager: Shutting down and abandoning module MagicLeapHelperOpenGL (396)
[2025.11.29-20.35.53:799][556]LogModuleManager: Shutting down and abandoning module MagicLeapAudio (394)
[2025.11.29-20.35.53:799][556]LogModuleManager: Shutting down and abandoning module VisualStudioSourceCodeAccess (392)
[2025.11.29-20.35.53:799][556]LogModuleManager: Shutting down and abandoning module HotReload (391)
[2025.11.29-20.35.53:799][556]LogModuleManager: Shutting down and abandoning module VisualStudioCodeSourceCodeAccess (388)
[2025.11.29-20.35.53:800][556]LogModuleManager: Shutting down and abandoning module UObjectPlugin (386)
[2025.11.29-20.35.53:800][556]LogModuleManager: Shutting down and abandoning module SubversionSourceControl (384)
[2025.11.29-20.35.53:800][556]LogModuleManager: Shutting down and abandoning module PerforceSourceControl (382)
[2025.11.29-20.35.53:802][556]LogModuleManager: Shutting down and abandoning module SourceControl (381)
[2025.11.29-20.35.53:802][556]LogModuleManager: Shutting down and abandoning module OodleNetworkHandlerComponent (378)
[2025.11.29-20.35.53:802][556]LogModuleManager: Shutting down and abandoning module CLionSourceCodeAccess (376)
[2025.11.29-20.35.53:803][556]LogModuleManager: Shutting down and abandoning module LiveLinkSequencer (374)
[2025.11.29-20.35.53:803][556]LogModuleManager: Shutting down and abandoning module LiveLinkMovieScene (372)
[2025.11.29-20.35.53:803][556]LogModuleManager: Shutting down and abandoning module LiveLinkGraphNode (370)
[2025.11.29-20.35.53:803][556]LogModuleManager: Shutting down and abandoning module LiveLinkComponents (368)
[2025.11.29-20.35.53:803][556]LogModuleManager: Shutting down and abandoning module LiveLink (366)
[2025.11.29-20.35.54:799][556]LogModuleManager: Shutting down and abandoning module SoundFields (364)
[2025.11.29-20.35.54:799][556]LogModuleManager: Shutting down and abandoning module SignificanceManager (362)
[2025.11.29-20.35.54:799][556]LogModuleManager: Shutting down and abandoning module RuntimePhysXCooking (360)
[2025.11.29-20.35.54:799][556]LogModuleManager: Shutting down and abandoning module PropertyAccessEditor (358)
[2025.11.29-20.35.54:830][556]LogModuleManager: Shutting down and abandoning module PhysXVehiclesEditor (356)
[2025.11.29-20.35.54:830][556]LogModuleManager: Shutting down and abandoning module LocationServicesBPLibrary (352)
[2025.11.29-20.35.54:830][556]LogModuleManager: Shutting down and abandoning module AudioSynesthesia (350)
[2025.11.29-20.35.54:831][556]LogModuleManager: Shutting down and abandoning module AudioSynesthesiaCore (348)
[2025.11.29-20.35.54:831][556]LogModuleManager: Shutting down and abandoning module PythonScriptPlugin (346)
[2025.11.29-20.35.54:831][556]LogModuleManager: Shutting down and abandoning module ActorSequence (344)
[2025.11.29-20.35.54:831][556]LogModuleManager: Shutting down and abandoning module UdpMessaging (342)
[2025.11.29-20.35.54:932][556]LogModuleManager: Shutting down and abandoning module TcpMessaging (340)
[2025.11.29-20.35.55:033][556]LogModuleManager: Shutting down and abandoning module ImgMediaEngine (338)
[2025.11.29-20.35.55:033][556]LogModuleManager: Shutting down and abandoning module MagicLeapARPin (336)
[2025.11.29-20.35.55:033][556]LogModuleManager: Shutting down and abandoning module MagicLeapHandMeshing (334)
[2025.11.29-20.35.55:033][556]LogModuleManager: Shutting down and abandoning module MagicLeapSecureStorage (332)
[2025.11.29-20.35.55:033][556]LogModuleManager: Shutting down and abandoning module MagicLeapPrivileges (330)
[2025.11.29-20.35.55:034][556]LogModuleManager: Shutting down and abandoning module MagicLeapPlanes (328)
[2025.11.29-20.35.55:034][556]LogMagicLeapPlanes: Planes tracker already destroyed.
[2025.11.29-20.35.55:034][556]LogModuleManager: Shutting down and abandoning module MagicLeapImageTracker (326)
[2025.11.29-20.35.55:035][556]LogModuleManager: Shutting down and abandoning module MagicLeapIdentity (324)
[2025.11.29-20.35.55:035][556]LogModuleManager: Shutting down and abandoning module MagicLeapHandTracking (322)
[2025.11.29-20.35.55:035][556]LogModuleManager: Shutting down and abandoning module MagicLeapEyeTracker (320)
[2025.11.29-20.35.55:035][556]LogModuleManager: Shutting down and abandoning module MagicLeapController (318)
[2025.11.29-20.35.55:035][556]LogModuleManager: Shutting down and abandoning module MagicLeapARPinImpl (316)
[2025.11.29-20.35.55:035][556]LogModuleManager: Shutting down and abandoning module MagicLeapAR (314)
[2025.11.29-20.35.55:035][556]LogModuleManager: Shutting down and abandoning module GameplayTagsEditor (312)
[2025.11.29-20.35.55:035][556]LogModuleManager: Shutting down and abandoning module FacialAnimation (310)
[2025.11.29-20.35.55:035][556]LogModuleManager: Shutting down and abandoning module AssetManagerEditor (308)
[2025.11.29-20.35.55:036][556]LogModuleManager: Shutting down and abandoning module TreeMap (307)
[2025.11.29-20.35.55:036][556]LogModuleManager: Shutting down and abandoning module NiagaraAnimNotifies (304)
[2025.11.29-20.35.55:036][556]LogModuleManager: Shutting down and abandoning module Niagara (302)
[2025.11.29-20.35.55:037][556]LogModuleManager: Shutting down and abandoning module SignalProcessing (301)
[2025.11.29-20.35.55:038][556]LogModuleManager: Shutting down and abandoning module NiagaraEditor (299)
[2025.11.29-20.35.55:039][556]LogModuleManager: Shutting down and abandoning module ContentBrowser (298)
[2025.11.29-20.35.55:039][556]LogModuleManager: Shutting down and abandoning module CollectionManager (297)
[2025.11.29-20.35.55:041][556]LogModuleManager: Shutting down and abandoning module DirectoryWatcher (296)
[2025.11.29-20.35.55:041][556]LogModuleManager: Shutting down and abandoning module ContentBrowserData (293)
[2025.11.29-20.35.55:041][556]LogModuleManager: Shutting down and abandoning module NiagaraCore (288)
[2025.11.29-20.35.55:041][556]LogModuleManager: Shutting down and abandoning module PropertyAccessNode (286)
[2025.11.29-20.35.55:041][556]LogModuleManager: Shutting down and abandoning module GameplayCameras (284)
[2025.11.29-20.35.55:041][556]LogModuleManager: Shutting down and abandoning module AnimationSharing (282)
[2025.11.29-20.35.55:041][556]LogModuleManager: Shutting down and abandoning module EnvironmentQueryEditor (280)
[2025.11.29-20.35.55:041][556]LogModuleManager: Shutting down and abandoning module Paper2D (278)
[2025.11.29-20.35.55:042][556]LogModuleManager: Shutting down and abandoning module LightPropagationVolumeRuntime (276)
[2025.11.29-20.35.55:042][556]LogModuleManager: Shutting down and abandoning module WindowsMoviePlayer (274)
[2025.11.29-20.35.55:043][556]LogModuleManager: Shutting down and abandoning module WebMMoviePlayer (272)
[2025.11.29-20.35.55:043][556]LogModuleManager: Shutting down and abandoning module NetworkReplayStreaming (270)
[2025.11.29-20.35.55:043][556]LogModuleManager: Shutting down and abandoning module PacketHandler (268)
[2025.11.29-20.35.55:043][556]LogModuleManager: Shutting down and abandoning module ClothingSystemEditor (266)
[2025.11.29-20.35.55:043][556]LogModuleManager: Shutting down and abandoning module ClothingSystemRuntimeNv (264)
[2025.11.29-20.35.55:044][556]LogModuleManager: Shutting down and abandoning module MediaAssets (262)
[2025.11.29-20.35.55:044][556]LogModuleManager: Shutting down and abandoning module Overlay (260)
[2025.11.29-20.35.55:044][556]LogModuleManager: Shutting down and abandoning module OverlayEditor (259)
[2025.11.29-20.35.55:044][556]LogModuleManager: Shutting down and abandoning module VREditor (256)
[2025.11.29-20.35.55:045][556]LogModuleManager: Shutting down and abandoning module StringTableEditor (254)
[2025.11.29-20.35.55:045][556]LogModuleManager: Shutting down and abandoning module GameplayTasksEditor (252)
[2025.11.29-20.35.55:045][556]LogModuleManager: Shutting down and abandoning module BehaviorTreeEditor (250)
[2025.11.29-20.35.55:047][556]LogModuleManager: Shutting down and abandoning module FunctionalTesting (248)
[2025.11.29-20.35.55:047][556]LogModuleManager: Shutting down and abandoning module CollisionAnalyzer (246)
[2025.11.29-20.35.55:049][556]LogModuleManager: Shutting down and abandoning module WorkspaceMenuStructure (245)
[2025.11.29-20.35.55:050][556]LogModuleManager: Shutting down and abandoning module UMG (242)
[2025.11.29-20.35.55:050][556]LogModuleManager: Shutting down and abandoning module UMGEditor (241)
[2025.11.29-20.35.55:050][556]LogModuleManager: Shutting down and abandoning module Sequencer (240)
[2025.11.29-20.35.55:050][556]LogModuleManager: Shutting down and abandoning module MessageLog (237)
[2025.11.29-20.35.55:050][556]LogModuleManager: Shutting down and abandoning module SlateReflector (232)
[2025.11.29-20.35.55:053][556]LogModuleManager: Shutting down and abandoning module Slate (230)
[2025.11.29-20.35.55:053][556]LogModuleManager: Shutting down and abandoning module SlateCore (228)
[2025.11.29-20.35.55:054][556]LogModuleManager: Shutting down and abandoning module LandscapeEditorUtilities (226)
[2025.11.29-20.35.55:054][556]LogModuleManager: Shutting down and abandoning module UnrealEd (224)
[2025.11.29-20.35.55:054][556]LogModuleManager: Shutting down and abandoning module MRMesh (222)
[2025.11.29-20.35.55:054][556]LogModuleManager: Shutting down and abandoning module Messaging (220)
[2025.11.29-20.35.55:054][556]LogModuleManager: Shutting down and abandoning module SourceCodeAccess (218)
[2025.11.29-20.35.55:054][556]LogModuleManager: Shutting down and abandoning module HeadMountedDisplay (216)
[2025.11.29-20.35.55:054][556]LogModuleManager: Shutting down and abandoning module XAudio2 (214)
[2025.11.29-20.35.55:055][556]LogModuleManager: Shutting down and abandoning module Networking (212)
[2025.11.29-20.35.55:055][556]LogModuleManager: Shutting down and abandoning module Core (210)
[2025.11.29-20.35.55:055][556]LogModuleManager: Shutting down and abandoning module MaterialEditor (208)
[2025.11.29-20.35.55:055][556]LogModuleManager: Shutting down and abandoning module MovieSceneTools (206)
[2025.11.29-20.35.55:056][556]LogModuleManager: Shutting down and abandoning module EditorStyle (205)
[2025.11.29-20.35.55:057][556]LogModuleManager: Shutting down and abandoning module KismetCompiler (202)
[2025.11.29-20.35.55:057][556]LogModuleManager: Shutting down and abandoning module MeshBuilder (200)
[2025.11.29-20.35.55:057][556]LogModuleManager: Shutting down and abandoning module MeshUtilities (198)
[2025.11.29-20.35.55:057][556]LogModuleManager: Shutting down and abandoning module MeshMergeUtilities (197)
[2025.11.29-20.35.55:058][556]LogModuleManager: Shutting down and abandoning module MeshReductionInterface (196)
[2025.11.29-20.35.55:058][556]LogModuleManager: Shutting down and abandoning module MeshBoneReduction (195)
[2025.11.29-20.35.55:058][556]LogModuleManager: Shutting down and abandoning module SkeletalMeshReduction (193)
[2025.11.29-20.35.55:058][556]LogModuleManager: Shutting down and abandoning module ProxyLODMeshReduction (191)
[2025.11.29-20.35.55:059][556]LogModuleManager: Shutting down and abandoning module QuadricMeshReduction (189)
[2025.11.29-20.35.55:060][556]LogModuleManager: Shutting down and abandoning module MaterialBaking (185)
[2025.11.29-20.35.55:060][556]LogModuleManager: Shutting down and abandoning module NullInstallBundleManager (180)
[2025.11.29-20.35.55:060][556]LogModuleManager: Shutting down and abandoning module PIEPreviewDeviceProfileSelector (178)
[2025.11.29-20.35.55:061][556]LogModuleManager: Shutting down and abandoning module DerivedDataCache (176)
[2025.11.29-20.35.55:061][556]LogModuleManager: Shutting down and abandoning module TargetPlatform (174)
[2025.11.29-20.35.55:062][556]LogModuleManager: Shutting down and abandoning module VulkanShaderFormat (173)
[2025.11.29-20.35.55:063][556]LogModuleManager: Shutting down and abandoning module ShaderFormatVectorVM (171)
[2025.11.29-20.35.55:063][556]LogModuleManager: Shutting down and abandoning module ShaderFormatOpenGL (169)
[2025.11.29-20.35.55:064][556]LogModuleManager: Shutting down and abandoning module ShaderFormatD3D (167)
[2025.11.29-20.35.55:064][556]LogModuleManager: Shutting down and abandoning module MetalShaderFormat (165)
[2025.11.29-20.35.55:065][556]LogModuleManager: Shutting down and abandoning module TextureFormatOodle (163)
[2025.11.29-20.35.55:065][556]LogModuleManager: Shutting down and abandoning module TextureFormatUncompressed (161)
[2025.11.29-20.35.55:065][556]LogModuleManager: Shutting down and abandoning module TextureFormatPVR (159)
[2025.11.29-20.35.55:065][556]LogModuleManager: Shutting down and abandoning module TextureFormatETC2 (157)
[2025.11.29-20.35.55:065][556]LogModuleManager: Shutting down and abandoning module TextureFormatDXT (155)
[2025.11.29-20.35.55:065][556]LogModuleManager: Shutting down and abandoning module TextureFormatIntelISPCTexComp (153)
[2025.11.29-20.35.55:065][556]LogModuleManager: Shutting down and abandoning module TextureFormatASTC (151)
[2025.11.29-20.35.55:065][556]LogModuleManager: Shutting down and abandoning module ImageWrapper (150)
[2025.11.29-20.35.55:065][556]LogModuleManager: Shutting down and abandoning module AudioFormatOpus (147)
[2025.11.29-20.35.55:065][556]LogModuleManager: Shutting down and abandoning module AudioFormatOgg (145)
[2025.11.29-20.35.55:065][556]LogModuleManager: Shutting down and abandoning module AudioFormatADPCM (143)
[2025.11.29-20.35.55:065][556]LogModuleManager: Shutting down and abandoning module WindowsServerTargetPlatform (141)
[2025.11.29-20.35.55:066][556]LogModuleManager: Shutting down and abandoning module WindowsClientTargetPlatform (139)
[2025.11.29-20.35.55:066][556]LogModuleManager: Shutting down and abandoning module WindowsTargetPlatform (137)
[2025.11.29-20.35.55:066][556]LogModuleManager: Shutting down and abandoning module WindowsNoEditorTargetPlatform (135)
[2025.11.29-20.35.55:066][556]LogModuleManager: Shutting down and abandoning module D3D11RHI (132)
[2025.11.29-20.35.55:066][556]LogModuleManager: Shutting down and abandoning module InputCore (130)
[2025.11.29-20.35.55:066][556]LogModuleManager: Shutting down and abandoning module Settings (128)
[2025.11.29-20.35.55:066][556]LogModuleManager: Shutting down and abandoning module PhysXCooking (126)
[2025.11.29-20.35.55:066][556]LogModuleManager: Shutting down and abandoning module Chaos (124)
[2025.11.29-20.35.55:066][556]LogModuleManager: Shutting down and abandoning module WindowsPlatformFeatures (122)
[2025.11.29-20.35.55:066][556]LogModuleManager: Shutting down and abandoning module GameplayMediaEncoder (121)
[2025.11.29-20.35.55:066][556]LogModuleManager: Shutting down and abandoning module AVEncoder (120)
[2025.11.29-20.35.55:067][556]LogModuleManager: Shutting down and abandoning module SteamVRInputDevice (116)
[2025.11.29-20.35.55:067][556]LogModuleManager: Shutting down and abandoning module SteamVRInput (114)
[2025.11.29-20.35.55:067][556]LogModuleManager: Shutting down and abandoning module SteamVR (112)
[2025.11.29-20.35.55:067][556]LogHMD: Freeing OpenVRDLLHandle.
[2025.11.29-20.35.55:067][556]LogModuleManager: Shutting down and abandoning module OculusHMD (110)
[2025.11.29-20.35.55:067][556]LogModuleManager: Shutting down and abandoning module OpenXREyeTracker (108)
[2025.11.29-20.35.55:067][556]LogModuleManager: Shutting down and abandoning module OpenXRHandTracking (106)
[2025.11.29-20.35.55:067][556]LogSlate: Slate User Destroyed.  User Index 0, Is Virtual User: 0
[2025.11.29-20.35.55:067][556]LogModuleManager: Shutting down and abandoning module OpenXRAR (104)
[2025.11.29-20.35.55:068][556]LogModuleManager: Shutting down and abandoning module AugmentedReality (103)
[2025.11.29-20.35.55:068][556]LogModuleManager: Shutting down and abandoning module OpenXRHMD (100)
[2025.11.29-20.35.55:072][556]LogModuleManager: Shutting down and abandoning module ExampleDeviceProfileSelector (98)
[2025.11.29-20.35.55:072][556]LogModuleManager: Shutting down and abandoning module ChunkDownloader (96)
[2025.11.29-20.35.55:072][556]LogModuleManager: Shutting down and abandoning module OnlineBlueprintSupport (94)
[2025.11.29-20.35.55:072][556]LogModuleManager: Shutting down and abandoning module OnlineSubsystem (90)
[2025.11.29-20.35.55:073][556]LogModuleManager: Shutting down and abandoning module XMPP (85)
[2025.11.29-20.35.55:074][556]LogModuleManager: Shutting down and abandoning module WebSockets (84)
[2025.11.29-20.35.55:096][556]LogModuleManager: Shutting down and abandoning module HTTP (81)
[2025.11.29-20.35.55:096][556]LogHttp: Display: cleaning up 0 outstanding Http requests.
[2025.11.29-20.35.55:128][556]LogModuleManager: Shutting down and abandoning module SSL (80)
[2025.11.29-20.35.55:129][556]LogModuleManager: Shutting down and abandoning module LauncherChunkInstaller (76)
[2025.11.29-20.35.55:129][556]LogModuleManager: Shutting down and abandoning module ChaosCloth (74)
[2025.11.29-20.35.55:130][556]LogModuleManager: Shutting down and abandoning module WmfMedia (72)
[2025.11.29-20.35.55:134][556]LogModuleManager: Shutting down and abandoning module Media (71)
[2025.11.29-20.35.55:136][556]LogModuleManager: Shutting down and abandoning module MediaInfo (70)
[2025.11.29-20.35.55:136][556]LogModuleManager: Shutting down and abandoning module ExrReaderGpu (66)
[2025.11.29-20.35.55:136][556]LogModuleManager: Shutting down and abandoning module MLSDK (64)
[2025.11.29-20.35.55:137][556]LogModuleManager: Shutting down and abandoning module MagicLeap (62)
[2025.11.29-20.35.55:137][556]LogModuleManager: Shutting down and abandoning module VariantManagerContent (60)
[2025.11.29-20.35.55:137][556]LogModuleManager: Shutting down and abandoning module DatasmithContent (58)
[2025.11.29-20.35.55:137][556]LogModuleManager: Shutting down and abandoning module NiagaraVertexFactories (56)
[2025.11.29-20.35.55:138][556]LogModuleManager: Shutting down and abandoning module NiagaraShader (54)
[2025.11.29-20.35.55:138][556]LogModuleManager: Shutting down and abandoning module PixWinPlugin (52)
[2025.11.29-20.35.55:138][556]LogModuleManager: Shutting down and abandoning module AISupportModule (50)
[2025.11.29-20.35.55:138][556]LogModuleManager: Shutting down and abandoning module DesktopPlatform (48)
[2025.11.29-20.35.55:138][556]LogModuleManager: Shutting down and abandoning module PlatformCryptoOpenSSL (46)
[2025.11.29-20.35.55:138][556]LogModuleManager: Shutting down and abandoning module PlatformCryptoTypes (44)
[2025.11.29-20.35.55:138][556]LogModuleManager: Shutting down and abandoning module PlatformCrypto (42)
[2025.11.29-20.35.55:138][556]LogModuleManager: Shutting down and abandoning module PythonScriptPluginPreload (40)
[2025.11.29-20.35.55:138][556]LogModuleManager: Shutting down and abandoning module OodleDataCompressionFormat (38)
[2025.11.29-20.35.55:139][556]LogModuleManager: Shutting down and abandoning module XGEController (36)
[2025.11.29-20.35.55:139][556]LogModuleManager: Shutting down and abandoning module AnimationModifiers (34)
[2025.11.29-20.35.55:140][556]LogModuleManager: Shutting down and abandoning module AudioEditor (32)
[2025.11.29-20.35.55:141][556]LogModuleManager: Shutting down and abandoning module PropertyEditor (31)
[2025.11.29-20.35.55:142][556]LogModuleManager: Shutting down and abandoning module TextureCompressor (28)
[2025.11.29-20.35.55:142][556]LogModuleManager: Shutting down and abandoning module RenderCore (26)
[2025.11.29-20.35.55:142][556]LogModuleManager: Shutting down and abandoning module Landscape (24)
[2025.11.29-20.35.55:142][556]LogModuleManager: Shutting down and abandoning module SlateRHIRenderer (22)
[2025.11.29-20.35.55:142][556]LogModuleManager: Shutting down and abandoning module AnimGraphRuntime (20)
[2025.11.29-20.35.55:143][556]LogModuleManager: Shutting down and abandoning module Renderer (18)
[2025.11.29-20.35.55:143][556]LogModuleManager: Shutting down and abandoning module Engine (16)
[2025.11.29-20.35.55:143][556]LogModuleManager: Shutting down and abandoning module CoreUObject (14)
[2025.11.29-20.35.55:143][556]LogModuleManager: Shutting down and abandoning module NetworkFile (12)
[2025.11.29-20.35.55:143][556]LogModuleManager: Shutting down and abandoning module CookedIterativeFile (10)
[2025.11.29-20.35.55:143][556]LogModuleManager: Shutting down and abandoning module StreamingFile (8)
[2025.11.29-20.35.55:144][556]LogModuleManager: Shutting down and abandoning module SandboxFile (6)
[2025.11.29-20.35.55:144][556]LogModuleManager: Shutting down and abandoning module PakFile (4)
[2025.11.29-20.35.55:145][556]LogModuleManager: Shutting down and abandoning module RSA (3)
[2025.11.29-20.35.55:499][556]LogContentStreaming: Display: There are 1 unreleased StreamingManagers
[2025.11.29-20.35.55:508][556]LogD3D11RHI: Shutdown
[2025.11.29-20.35.55:508][556]LogD3D11RHI: CleanupD3DDevice
[2025.11.29-20.35.55:510][556]LogExit: Exiting.
[2025.11.29-20.35.55:520][556]Log file closed, 11/29/25 23:35:55
